<?xml version="1.0" encoding="UTF-8"?>
<testsuite xmlns:xsi="http://www.w3.org/2001/XMLSchema-instance" xsi:noNamespaceSchemaLocation="https://maven.apache.org/surefire/maven-surefire-plugin/xsd/surefire-test-report-3.0.xsd" version="3.0" name="com.zilch.payments.boundary.oubound.elastic.purchase.ElasticsearchPurchaseRepositorySpec" time="14.11" tests="1" errors="0" skipped="0" failures="0">
  <properties>
[...]
</properties>
  <testcase name="should save purchase view" classname="com.zilch.payments.boundary.oubound.elastic.purchase.ElasticsearchPurchaseRepositorySpec" time="0.376">
    <system-out><![CDATA[07:32:25.651 [main] DEBUG org.springframework.test.annotation.ProfileValueUtils - Retrieved @ProfileValueSourceConfiguration [null] for test class [com.zilch.payments.boundary.oubound.elastic.purchase.ElasticsearchPurchaseRepositorySpec]
07:32:25.652 [main] DEBUG org.springframework.test.annotation.ProfileValueUtils - Retrieved ProfileValueSource type [class org.springframework.test.annotation.SystemProfileValueSource] for class [com.zilch.payments.boundary.oubound.elastic.purchase.ElasticsearchPurchaseRepositorySpec]
07:32:25.652 [main] DEBUG org.springframework.test.annotation.ProfileValueUtils - Retrieved @ProfileValueSourceConfiguration [null] for test class [com.zilch.payments.boundary.oubound.elastic.purchase.ElasticsearchPurchaseRepositorySpec]
07:32:25.652 [main] DEBUG org.springframework.test.annotation.ProfileValueUtils - Retrieved ProfileValueSource type [class org.springframework.test.annotation.SystemProfileValueSource] for class [com.zilch.payments.boundary.oubound.elastic.purchase.ElasticsearchPurchaseRepositorySpec]
07:32:25.655 [main] DEBUG org.springframework.test.context.BootstrapUtils - Instantiating CacheAwareContextLoaderDelegate from class [org.springframework.test.context.cache.DefaultCacheAwareContextLoaderDelegate]
07:32:25.657 [main] DEBUG org.springframework.test.context.BootstrapUtils - Instantiating BootstrapContext using constructor [public org.springframework.test.context.support.DefaultBootstrapContext(java.lang.Class,org.springframework.test.context.CacheAwareContextLoaderDelegate)]
07:32:25.660 [main] DEBUG org.springframework.test.context.BootstrapUtils - Instantiating TestContextBootstrapper for test class [com.zilch.payments.boundary.oubound.elastic.purchase.ElasticsearchPurchaseRepositorySpec] from class [org.springframework.test.context.support.DefaultTestContextBootstrapper]
07:32:25.667 [main] DEBUG org.springframework.test.context.support.AbstractDelegatingSmartContextLoader - Delegating to AnnotationConfigContextLoader to process context configuration [ContextConfigurationAttributes@6a6afff2 declaringClass = 'com.zilch.payments.boundary.oubound.elastic.ElasticsearchSliceBaseTest', classes = '{class com.zilch.payments.application.config.elasticsearch.ElasticsearchConfig}', locations = '{}', inheritLocations = true, initializers = '{class com.zilch.payments.boundary.oubound.elastic.ElasticsearchTestContainerRunner$Initializer}', inheritInitializers = true, name = [null], contextLoaderClass = 'org.springframework.test.context.ContextLoader'].
07:32:25.692 [main] DEBUG org.springframework.test.context.support.ActiveProfilesUtils - Could not find an 'annotation declaring class' for annotation type [org.springframework.test.context.ActiveProfiles] and class [com.zilch.payments.boundary.oubound.elastic.purchase.ElasticsearchPurchaseRepositorySpec]
07:32:25.692 [main] DEBUG org.springframework.test.context.support.DefaultTestContextBootstrapper - @TestExecutionListeners is not present for class [com.zilch.payments.boundary.oubound.elastic.purchase.ElasticsearchPurchaseRepositorySpec]: using defaults.
07:32:25.693 [main] INFO org.springframework.test.context.support.DefaultTestContextBootstrapper - Loaded default TestExecutionListener class names from location [META-INF/spring.factories]: [org.springframework.boot.test.mock.mockito.MockitoTestExecutionListener, org.springframework.boot.test.mock.mockito.ResetMocksTestExecutionListener, org.springframework.boot.test.autoconfigure.restdocs.RestDocsTestExecutionListener, org.springframework.boot.test.autoconfigure.web.client.MockRestServiceServerResetTestExecutionListener, org.springframework.boot.test.autoconfigure.web.servlet.MockMvcPrintOnlyOnFailureTestExecutionListener, org.springframework.boot.test.autoconfigure.web.servlet.WebDriverTestExecutionListener, org.springframework.boot.test.autoconfigure.webservices.client.MockWebServiceServerTestExecutionListener, org.spockframework.spring.SpringMockTestExecutionListener, org.springframework.test.context.web.ServletTestExecutionListener, org.springframework.test.context.support.DirtiesContextBeforeModesTestExecutionListener, org.springframework.test.context.event.ApplicationEventsTestExecutionListener, org.springframework.test.context.support.DependencyInjectionTestExecutionListener, org.springframework.test.context.support.DirtiesContextTestExecutionListener, org.springframework.test.context.transaction.TransactionalTestExecutionListener, org.springframework.test.context.jdbc.SqlScriptsTestExecutionListener, org.springframework.test.context.event.EventPublishingTestExecutionListener]
07:32:25.700 [main] INFO org.springframework.test.context.support.DefaultTestContextBootstrapper - Using TestExecutionListeners: [org.springframework.test.context.web.ServletTestExecutionListener@548d708a, org.springframework.test.context.support.DirtiesContextBeforeModesTestExecutionListener@4b013c76, org.springframework.test.context.event.ApplicationEventsTestExecutionListener@53fb3dab, org.springframework.boot.test.mock.mockito.MockitoTestExecutionListener@cb0755b, org.springframework.test.context.support.DependencyInjectionTestExecutionListener@33065d67, org.springframework.test.context.support.DirtiesContextTestExecutionListener@712625fd, org.springframework.test.context.transaction.TransactionalTestExecutionListener@7bba5817, org.springframework.test.context.jdbc.SqlScriptsTestExecutionListener@742ff096, org.springframework.test.context.event.EventPublishingTestExecutionListener@75437611, org.springframework.boot.test.mock.mockito.ResetMocksTestExecutionListener@350aac89, org.springframework.boot.test.autoconfigure.restdocs.RestDocsTestExecutionListener@1c5920df, org.springframework.boot.test.autoconfigure.web.client.MockRestServiceServerResetTestExecutionListener@17f9d882, org.springframework.boot.test.autoconfigure.web.servlet.MockMvcPrintOnlyOnFailureTestExecutionListener@79e4c792, org.springframework.boot.test.autoconfigure.web.servlet.WebDriverTestExecutionListener@196a42c3, org.springframework.boot.test.autoconfigure.webservices.client.MockWebServiceServerTestExecutionListener@4c60d6e9, org.spockframework.spring.SpringMockTestExecutionListener@15043a2f]
07:32:25.911 [main] DEBUG org.springframework.test.annotation.ProfileValueUtils - Retrieved @ProfileValueSourceConfiguration [null] for test class [com.zilch.payments.boundary.oubound.elastic.ElasticsearchSliceBaseTest]
07:32:25.911 [main] DEBUG org.springframework.test.annotation.ProfileValueUtils - Retrieved ProfileValueSource type [class org.springframework.test.annotation.SystemProfileValueSource] for class [com.zilch.payments.boundary.oubound.elastic.ElasticsearchSliceBaseTest]
07:32:25.911 [main] DEBUG org.springframework.test.context.BootstrapUtils - Instantiating CacheAwareContextLoaderDelegate from class [org.springframework.test.context.cache.DefaultCacheAwareContextLoaderDelegate]
07:32:25.911 [main] DEBUG org.springframework.test.context.BootstrapUtils - Instantiating BootstrapContext using constructor [public org.springframework.test.context.support.DefaultBootstrapContext(java.lang.Class,org.springframework.test.context.CacheAwareContextLoaderDelegate)]
07:32:25.911 [main] DEBUG org.springframework.test.context.BootstrapUtils - Instantiating TestContextBootstrapper for test class [com.zilch.payments.boundary.oubound.elastic.ElasticsearchSliceBaseTest] from class [org.springframework.test.context.support.DefaultTestContextBootstrapper]
07:32:25.912 [main] DEBUG org.springframework.test.context.support.AbstractDelegatingSmartContextLoader - Delegating to AnnotationConfigContextLoader to process context configuration [ContextConfigurationAttributes@68b6f0d6 declaringClass = 'com.zilch.payments.boundary.oubound.elastic.ElasticsearchSliceBaseTest', classes = '{class com.zilch.payments.application.config.elasticsearch.ElasticsearchConfig}', locations = '{}', inheritLocations = true, initializers = '{class com.zilch.payments.boundary.oubound.elastic.ElasticsearchTestContainerRunner$Initializer}', inheritInitializers = true, name = [null], contextLoaderClass = 'org.springframework.test.context.ContextLoader'].
07:32:25.913 [main] DEBUG org.springframework.test.context.support.ActiveProfilesUtils - Could not find an 'annotation declaring class' for annotation type [org.springframework.test.context.ActiveProfiles] and class [com.zilch.payments.boundary.oubound.elastic.ElasticsearchSliceBaseTest]
07:32:25.913 [main] DEBUG org.springframework.test.context.support.DefaultTestContextBootstrapper - @TestExecutionListeners is not present for class [com.zilch.payments.boundary.oubound.elastic.ElasticsearchSliceBaseTest]: using defaults.
07:32:25.913 [main] INFO org.springframework.test.context.support.DefaultTestContextBootstrapper - Loaded default TestExecutionListener class names from location [META-INF/spring.factories]: [org.springframework.boot.test.mock.mockito.MockitoTestExecutionListener, org.springframework.boot.test.mock.mockito.ResetMocksTestExecutionListener, org.springframework.boot.test.autoconfigure.restdocs.RestDocsTestExecutionListener, org.springframework.boot.test.autoconfigure.web.client.MockRestServiceServerResetTestExecutionListener, org.springframework.boot.test.autoconfigure.web.servlet.MockMvcPrintOnlyOnFailureTestExecutionListener, org.springframework.boot.test.autoconfigure.web.servlet.WebDriverTestExecutionListener, org.springframework.boot.test.autoconfigure.webservices.client.MockWebServiceServerTestExecutionListener, org.spockframework.spring.SpringMockTestExecutionListener, org.springframework.test.context.web.ServletTestExecutionListener, org.springframework.test.context.support.DirtiesContextBeforeModesTestExecutionListener, org.springframework.test.context.event.ApplicationEventsTestExecutionListener, org.springframework.test.context.support.DependencyInjectionTestExecutionListener, org.springframework.test.context.support.DirtiesContextTestExecutionListener, org.springframework.test.context.transaction.TransactionalTestExecutionListener, org.springframework.test.context.jdbc.SqlScriptsTestExecutionListener, org.springframework.test.context.event.EventPublishingTestExecutionListener]
07:32:25.913 [main] INFO org.springframework.test.context.support.DefaultTestContextBootstrapper - Using TestExecutionListeners: [org.springframework.test.context.web.ServletTestExecutionListener@4044fb95, org.springframework.test.context.support.DirtiesContextBeforeModesTestExecutionListener@aa549e5, org.springframework.test.context.event.ApplicationEventsTestExecutionListener@36f48b4, org.springframework.boot.test.mock.mockito.MockitoTestExecutionListener@5c00384f, org.springframework.test.context.support.DependencyInjectionTestExecutionListener@3b7ff809, org.springframework.test.context.support.DirtiesContextTestExecutionListener@1bb564e2, org.springframework.test.context.transaction.TransactionalTestExecutionListener@62e6b5c8, org.springframework.test.context.jdbc.SqlScriptsTestExecutionListener@3f792b9b, org.springframework.test.context.event.EventPublishingTestExecutionListener@7b8233cd, org.springframework.boot.test.mock.mockito.ResetMocksTestExecutionListener@4b20ca2b, org.springframework.boot.test.autoconfigure.restdocs.RestDocsTestExecutionListener@1cbf6e72, org.springframework.boot.test.autoconfigure.web.client.MockRestServiceServerResetTestExecutionListener@6aecbb8d, org.springframework.boot.test.autoconfigure.web.servlet.MockMvcPrintOnlyOnFailureTestExecutionListener@1af146, org.springframework.boot.test.autoconfigure.web.servlet.WebDriverTestExecutionListener@4da602fc, org.springframework.boot.test.autoconfigure.webservices.client.MockWebServiceServerTestExecutionListener@2a8d39c4, org.spockframework.spring.SpringMockTestExecutionListener@25b2cfcb]
07:32:25.925 [main] DEBUG org.springframework.test.annotation.ProfileValueUtils - Retrieved @ProfileValueSourceConfiguration [null] for test class [com.zilch.payments.boundary.oubound.mongo.MongoDbSliceBaseTest]
07:32:25.926 [main] DEBUG org.springframework.test.annotation.ProfileValueUtils - Retrieved ProfileValueSource type [class org.springframework.test.annotation.SystemProfileValueSource] for class [com.zilch.payments.boundary.oubound.mongo.MongoDbSliceBaseTest]
07:32:25.926 [main] DEBUG org.springframework.test.context.BootstrapUtils - Instantiating CacheAwareContextLoaderDelegate from class [org.springframework.test.context.cache.DefaultCacheAwareContextLoaderDelegate]
07:32:25.926 [main] DEBUG org.springframework.test.context.BootstrapUtils - Instantiating BootstrapContext using constructor [public org.springframework.test.context.support.DefaultBootstrapContext(java.lang.Class,org.springframework.test.context.CacheAwareContextLoaderDelegate)]
07:32:25.928 [main] DEBUG org.springframework.test.context.BootstrapUtils - Instantiating TestContextBootstrapper for test class [com.zilch.payments.boundary.oubound.mongo.MongoDbSliceBaseTest] from class [org.springframework.boot.test.autoconfigure.data.mongo.DataMongoTestContextBootstrapper]
07:32:25.930 [main] DEBUG org.springframework.test.context.support.AbstractContextLoader - Did not detect default resource location for test class [com.zilch.payments.boundary.oubound.mongo.MongoDbSliceBaseTest]: class path resource [com/zilch/payments/boundary/oubound/mongo/MongoDbSliceBaseTest-context.xml] does not exist
07:32:25.930 [main] DEBUG org.springframework.test.context.support.AbstractContextLoader - Did not detect default resource location for test class [com.zilch.payments.boundary.oubound.mongo.MongoDbSliceBaseTest]: class path resource [com/zilch/payments/boundary/oubound/mongo/MongoDbSliceBaseTestContext.groovy] does not exist
07:32:25.930 [main] INFO org.springframework.test.context.support.AbstractContextLoader - Could not detect default resource locations for test class [com.zilch.payments.boundary.oubound.mongo.MongoDbSliceBaseTest]: no resource found for suffixes {-context.xml, Context.groovy}.
07:32:25.940 [main] DEBUG org.springframework.test.context.support.ActiveProfilesUtils - Could not find an 'annotation declaring class' for annotation type [org.springframework.test.context.ActiveProfiles] and class [com.zilch.payments.boundary.oubound.mongo.MongoDbSliceBaseTest]
07:32:25.945 [main] DEBUG org.springframework.boot.test.autoconfigure.data.mongo.DataMongoTestContextBootstrapper - @TestExecutionListeners is not present for class [com.zilch.payments.boundary.oubound.mongo.MongoDbSliceBaseTest]: using defaults.
07:32:25.945 [main] INFO org.springframework.boot.test.autoconfigure.data.mongo.DataMongoTestContextBootstrapper - Loaded default TestExecutionListener class names from location [META-INF/spring.factories]: [org.springframework.boot.test.mock.mockito.MockitoTestExecutionListener, org.springframework.boot.test.mock.mockito.ResetMocksTestExecutionListener, org.springframework.boot.test.autoconfigure.restdocs.RestDocsTestExecutionListener, org.springframework.boot.test.autoconfigure.web.client.MockRestServiceServerResetTestExecutionListener, org.springframework.boot.test.autoconfigure.web.servlet.MockMvcPrintOnlyOnFailureTestExecutionListener, org.springframework.boot.test.autoconfigure.web.servlet.WebDriverTestExecutionListener, org.springframework.boot.test.autoconfigure.webservices.client.MockWebServiceServerTestExecutionListener, org.spockframework.spring.SpringMockTestExecutionListener, org.springframework.test.context.web.ServletTestExecutionListener, org.springframework.test.context.support.DirtiesContextBeforeModesTestExecutionListener, org.springframework.test.context.event.ApplicationEventsTestExecutionListener, org.springframework.test.context.support.DependencyInjectionTestExecutionListener, org.springframework.test.context.support.DirtiesContextTestExecutionListener, org.springframework.test.context.transaction.TransactionalTestExecutionListener, org.springframework.test.context.jdbc.SqlScriptsTestExecutionListener, org.springframework.test.context.event.EventPublishingTestExecutionListener]
07:32:25.946 [main] INFO org.springframework.boot.test.autoconfigure.data.mongo.DataMongoTestContextBootstrapper - Using TestExecutionListeners: [org.springframework.test.context.web.ServletTestExecutionListener@5536379e, org.springframework.test.context.support.DirtiesContextBeforeModesTestExecutionListener@277f7dd3, org.springframework.test.context.event.ApplicationEventsTestExecutionListener@6c8bca63, org.springframework.boot.test.mock.mockito.MockitoTestExecutionListener@2364305a, org.springframework.boot.test.autoconfigure.SpringBootDependencyInjectionTestExecutionListener@470a696f, org.springframework.test.context.support.DirtiesContextTestExecutionListener@1bc715b8, org.springframework.test.context.transaction.TransactionalTestExecutionListener@292d1c71, org.springframework.test.context.jdbc.SqlScriptsTestExecutionListener@2b491fee, org.springframework.test.context.event.EventPublishingTestExecutionListener@3f1c5af9, org.springframework.boot.test.mock.mockito.ResetMocksTestExecutionListener@1c55f277, org.springframework.boot.test.autoconfigure.restdocs.RestDocsTestExecutionListener@5ddabb18, org.springframework.boot.test.autoconfigure.web.client.MockRestServiceServerResetTestExecutionListener@3e8f7922, org.springframework.boot.test.autoconfigure.web.servlet.MockMvcPrintOnlyOnFailureTestExecutionListener@63192798, org.springframework.boot.test.autoconfigure.web.servlet.WebDriverTestExecutionListener@50eca7c6, org.springframework.boot.test.autoconfigure.webservices.client.MockWebServiceServerTestExecutionListener@58e6d4b8, org.spockframework.spring.SpringMockTestExecutionListener@1de5f0ef]
07:32:25.949 [main] DEBUG org.springframework.test.annotation.ProfileValueUtils - Retrieved @ProfileValueSourceConfiguration [null] for test class [com.zilch.payments.boundary.oubound.mongo.purchase.MongoPurchasesRepositorySpec]
07:32:25.949 [main] DEBUG org.springframework.test.annotation.ProfileValueUtils - Retrieved ProfileValueSource type [class org.springframework.test.annotation.SystemProfileValueSource] for class [com.zilch.payments.boundary.oubound.mongo.purchase.MongoPurchasesRepositorySpec]
07:32:25.949 [main] DEBUG org.springframework.test.annotation.ProfileValueUtils - Retrieved @ProfileValueSourceConfiguration [null] for test class [com.zilch.payments.boundary.oubound.mongo.purchase.MongoPurchasesRepositorySpec]
07:32:25.949 [main] DEBUG org.springframework.test.annotation.ProfileValueUtils - Retrieved ProfileValueSource type [class org.springframework.test.annotation.SystemProfileValueSource] for class [com.zilch.payments.boundary.oubound.mongo.purchase.MongoPurchasesRepositorySpec]
07:32:25.949 [main] DEBUG org.springframework.test.annotation.ProfileValueUtils - Retrieved @ProfileValueSourceConfiguration [null] for test class [com.zilch.payments.boundary.oubound.mongo.purchase.MongoPurchasesRepositorySpec]
07:32:25.949 [main] DEBUG org.springframework.test.annotation.ProfileValueUtils - Retrieved ProfileValueSource type [class org.springframework.test.annotation.SystemProfileValueSource] for class [com.zilch.payments.boundary.oubound.mongo.purchase.MongoPurchasesRepositorySpec]
07:32:25.950 [main] DEBUG org.springframework.test.context.BootstrapUtils - Instantiating CacheAwareContextLoaderDelegate from class [org.springframework.test.context.cache.DefaultCacheAwareContextLoaderDelegate]
07:32:25.950 [main] DEBUG org.springframework.test.context.BootstrapUtils - Instantiating BootstrapContext using constructor [public org.springframework.test.context.support.DefaultBootstrapContext(java.lang.Class,org.springframework.test.context.CacheAwareContextLoaderDelegate)]
07:32:25.950 [main] DEBUG org.springframework.test.context.BootstrapUtils - Instantiating TestContextBootstrapper for test class [com.zilch.payments.boundary.oubound.mongo.purchase.MongoPurchasesRepositorySpec] from class [org.springframework.boot.test.autoconfigure.data.mongo.DataMongoTestContextBootstrapper]
07:32:25.950 [main] DEBUG org.springframework.test.context.support.AbstractContextLoader - Did not detect default resource location for test class [com.zilch.payments.boundary.oubound.mongo.MongoDbSliceBaseTest]: class path resource [com/zilch/payments/boundary/oubound/mongo/MongoDbSliceBaseTest-context.xml] does not exist
07:32:25.950 [main] DEBUG org.springframework.test.context.support.AbstractContextLoader - Did not detect default resource location for test class [com.zilch.payments.boundary.oubound.mongo.MongoDbSliceBaseTest]: class path resource [com/zilch/payments/boundary/oubound/mongo/MongoDbSliceBaseTestContext.groovy] does not exist
07:32:25.950 [main] INFO org.springframework.test.context.support.AbstractContextLoader - Could not detect default resource locations for test class [com.zilch.payments.boundary.oubound.mongo.MongoDbSliceBaseTest]: no resource found for suffixes {-context.xml, Context.groovy}.
07:32:25.953 [main] DEBUG org.springframework.test.context.support.ActiveProfilesUtils - Could not find an 'annotation declaring class' for annotation type [org.springframework.test.context.ActiveProfiles] and class [com.zilch.payments.boundary.oubound.mongo.purchase.MongoPurchasesRepositorySpec]
07:32:25.953 [main] DEBUG org.springframework.boot.test.autoconfigure.data.mongo.DataMongoTestContextBootstrapper - @TestExecutionListeners is not present for class [com.zilch.payments.boundary.oubound.mongo.purchase.MongoPurchasesRepositorySpec]: using defaults.
07:32:25.953 [main] INFO org.springframework.boot.test.autoconfigure.data.mongo.DataMongoTestContextBootstrapper - Loaded default TestExecutionListener class names from location [META-INF/spring.factories]: [org.springframework.boot.test.mock.mockito.MockitoTestExecutionListener, org.springframework.boot.test.mock.mockito.ResetMocksTestExecutionListener, org.springframework.boot.test.autoconfigure.restdocs.RestDocsTestExecutionListener, org.springframework.boot.test.autoconfigure.web.client.MockRestServiceServerResetTestExecutionListener, org.springframework.boot.test.autoconfigure.web.servlet.MockMvcPrintOnlyOnFailureTestExecutionListener, org.springframework.boot.test.autoconfigure.web.servlet.WebDriverTestExecutionListener, org.springframework.boot.test.autoconfigure.webservices.client.MockWebServiceServerTestExecutionListener, org.spockframework.spring.SpringMockTestExecutionListener, org.springframework.test.context.web.ServletTestExecutionListener, org.springframework.test.context.support.DirtiesContextBeforeModesTestExecutionListener, org.springframework.test.context.event.ApplicationEventsTestExecutionListener, org.springframework.test.context.support.DependencyInjectionTestExecutionListener, org.springframework.test.context.support.DirtiesContextTestExecutionListener, org.springframework.test.context.transaction.TransactionalTestExecutionListener, org.springframework.test.context.jdbc.SqlScriptsTestExecutionListener, org.springframework.test.context.event.EventPublishingTestExecutionListener]
07:32:25.954 [main] INFO org.springframework.boot.test.autoconfigure.data.mongo.DataMongoTestContextBootstrapper - Using TestExecutionListeners: [org.springframework.test.context.web.ServletTestExecutionListener@58bf8650, org.springframework.test.context.support.DirtiesContextBeforeModesTestExecutionListener@73c60324, org.springframework.test.context.event.ApplicationEventsTestExecutionListener@71ae31b0, org.springframework.boot.test.mock.mockito.MockitoTestExecutionListener@4ba534b0, org.springframework.boot.test.autoconfigure.SpringBootDependencyInjectionTestExecutionListener@6f0ca692, org.springframework.test.context.support.DirtiesContextTestExecutionListener@2c104774, org.springframework.test.context.transaction.TransactionalTestExecutionListener@2cb3d0f7, org.springframework.test.context.jdbc.SqlScriptsTestExecutionListener@4e517165, org.springframework.test.context.event.EventPublishingTestExecutionListener@44e3760b, org.springframework.boot.test.mock.mockito.ResetMocksTestExecutionListener@6a66a204, org.springframework.boot.test.autoconfigure.restdocs.RestDocsTestExecutionListener@5860f3d7, org.springframework.boot.test.autoconfigure.web.client.MockRestServiceServerResetTestExecutionListener@1d7f7be7, org.springframework.boot.test.autoconfigure.web.servlet.MockMvcPrintOnlyOnFailureTestExecutionListener@42f3156d, org.springframework.boot.test.autoconfigure.web.servlet.WebDriverTestExecutionListener@1ddae9b5, org.springframework.boot.test.autoconfigure.webservices.client.MockWebServiceServerTestExecutionListener@427b5f92, org.spockframework.spring.SpringMockTestExecutionListener@24bdb479]
07:32:25.957 [main] DEBUG org.springframework.test.annotation.ProfileValueUtils - Retrieved @ProfileValueSourceConfiguration [null] for test class [com.zilch.payments.boundary.oubound.mongo.account.MongoAccountsRepositorySpec]
07:32:25.957 [main] DEBUG org.springframework.test.annotation.ProfileValueUtils - Retrieved ProfileValueSource type [class org.springframework.test.annotation.SystemProfileValueSource] for class [com.zilch.payments.boundary.oubound.mongo.account.MongoAccountsRepositorySpec]
07:32:25.957 [main] DEBUG org.springframework.test.annotation.ProfileValueUtils - Retrieved @ProfileValueSourceConfiguration [null] for test class [com.zilch.payments.boundary.oubound.mongo.account.MongoAccountsRepositorySpec]
07:32:25.957 [main] DEBUG org.springframework.test.annotation.ProfileValueUtils - Retrieved ProfileValueSource type [class org.springframework.test.annotation.SystemProfileValueSource] for class [com.zilch.payments.boundary.oubound.mongo.account.MongoAccountsRepositorySpec]
07:32:25.957 [main] DEBUG org.springframework.test.context.BootstrapUtils - Instantiating CacheAwareContextLoaderDelegate from class [org.springframework.test.context.cache.DefaultCacheAwareContextLoaderDelegate]
07:32:25.957 [main] DEBUG org.springframework.test.context.BootstrapUtils - Instantiating BootstrapContext using constructor [public org.springframework.test.context.support.DefaultBootstrapContext(java.lang.Class,org.springframework.test.context.CacheAwareContextLoaderDelegate)]
07:32:25.957 [main] DEBUG org.springframework.test.context.BootstrapUtils - Instantiating TestContextBootstrapper for test class [com.zilch.payments.boundary.oubound.mongo.account.MongoAccountsRepositorySpec] from class [org.springframework.boot.test.autoconfigure.data.mongo.DataMongoTestContextBootstrapper]
07:32:25.958 [main] DEBUG org.springframework.test.context.support.AbstractContextLoader - Did not detect default resource location for test class [com.zilch.payments.boundary.oubound.mongo.MongoDbSliceBaseTest]: class path resource [com/zilch/payments/boundary/oubound/mongo/MongoDbSliceBaseTest-context.xml] does not exist
07:32:25.958 [main] DEBUG org.springframework.test.context.support.AbstractContextLoader - Did not detect default resource location for test class [com.zilch.payments.boundary.oubound.mongo.MongoDbSliceBaseTest]: class path resource [com/zilch/payments/boundary/oubound/mongo/MongoDbSliceBaseTestContext.groovy] does not exist
07:32:25.958 [main] INFO org.springframework.test.context.support.AbstractContextLoader - Could not detect default resource locations for test class [com.zilch.payments.boundary.oubound.mongo.MongoDbSliceBaseTest]: no resource found for suffixes {-context.xml, Context.groovy}.
07:32:25.960 [main] DEBUG org.springframework.test.context.support.ActiveProfilesUtils - Could not find an 'annotation declaring class' for annotation type [org.springframework.test.context.ActiveProfiles] and class [com.zilch.payments.boundary.oubound.mongo.account.MongoAccountsRepositorySpec]
07:32:25.961 [main] DEBUG org.springframework.boot.test.autoconfigure.data.mongo.DataMongoTestContextBootstrapper - @TestExecutionListeners is not present for class [com.zilch.payments.boundary.oubound.mongo.account.MongoAccountsRepositorySpec]: using defaults.
07:32:25.961 [main] INFO org.springframework.boot.test.autoconfigure.data.mongo.DataMongoTestContextBootstrapper - Loaded default TestExecutionListener class names from location [META-INF/spring.factories]: [org.springframework.boot.test.mock.mockito.MockitoTestExecutionListener, org.springframework.boot.test.mock.mockito.ResetMocksTestExecutionListener, org.springframework.boot.test.autoconfigure.restdocs.RestDocsTestExecutionListener, org.springframework.boot.test.autoconfigure.web.client.MockRestServiceServerResetTestExecutionListener, org.springframework.boot.test.autoconfigure.web.servlet.MockMvcPrintOnlyOnFailureTestExecutionListener, org.springframework.boot.test.autoconfigure.web.servlet.WebDriverTestExecutionListener, org.springframework.boot.test.autoconfigure.webservices.client.MockWebServiceServerTestExecutionListener, org.spockframework.spring.SpringMockTestExecutionListener, org.springframework.test.context.web.ServletTestExecutionListener, org.springframework.test.context.support.DirtiesContextBeforeModesTestExecutionListener, org.springframework.test.context.event.ApplicationEventsTestExecutionListener, org.springframework.test.context.support.DependencyInjectionTestExecutionListener, org.springframework.test.context.support.DirtiesContextTestExecutionListener, org.springframework.test.context.transaction.TransactionalTestExecutionListener, org.springframework.test.context.jdbc.SqlScriptsTestExecutionListener, org.springframework.test.context.event.EventPublishingTestExecutionListener]
07:32:25.961 [main] INFO org.springframework.boot.test.autoconfigure.data.mongo.DataMongoTestContextBootstrapper - Using TestExecutionListeners: [org.springframework.test.context.web.ServletTestExecutionListener@f6c03cb, org.springframework.test.context.support.DirtiesContextBeforeModesTestExecutionListener@46f699d5, org.springframework.test.context.event.ApplicationEventsTestExecutionListener@18518ccf, org.springframework.boot.test.mock.mockito.MockitoTestExecutionListener@1991f767, org.springframework.boot.test.autoconfigure.SpringBootDependencyInjectionTestExecutionListener@768ccdc5, org.springframework.test.context.support.DirtiesContextTestExecutionListener@4c6daf0, org.springframework.test.context.transaction.TransactionalTestExecutionListener@10650953, org.springframework.test.context.jdbc.SqlScriptsTestExecutionListener@659eef7, org.springframework.test.context.event.EventPublishingTestExecutionListener@162be91c, org.springframework.boot.test.mock.mockito.ResetMocksTestExecutionListener@2488b073, org.springframework.boot.test.autoconfigure.restdocs.RestDocsTestExecutionListener@1c9f0a20, org.springframework.boot.test.autoconfigure.web.client.MockRestServiceServerResetTestExecutionListener@55787112, org.springframework.boot.test.autoconfigure.web.servlet.MockMvcPrintOnlyOnFailureTestExecutionListener@1cd201a8, org.springframework.boot.test.autoconfigure.web.servlet.WebDriverTestExecutionListener@7db82169, org.springframework.boot.test.autoconfigure.webservices.client.MockWebServiceServerTestExecutionListener@1992eaf4, org.spockframework.spring.SpringMockTestExecutionListener@f74e835]
07:32:25.970 [main] DEBUG org.springframework.test.annotation.ProfileValueUtils - Retrieved @ProfileValueSourceConfiguration [null] for test class [com.zilch.payments.boundary.inbound.controllers.purchase.PurchaseControllerSpec]
07:32:25.970 [main] DEBUG org.springframework.test.annotation.ProfileValueUtils - Retrieved ProfileValueSource type [class org.springframework.test.annotation.SystemProfileValueSource] for class [com.zilch.payments.boundary.inbound.controllers.purchase.PurchaseControllerSpec]
07:32:25.970 [main] DEBUG org.springframework.test.annotation.ProfileValueUtils - Retrieved @ProfileValueSourceConfiguration [null] for test class [com.zilch.payments.boundary.inbound.controllers.purchase.PurchaseControllerSpec]
07:32:25.970 [main] DEBUG org.springframework.test.annotation.ProfileValueUtils - Retrieved ProfileValueSource type [class org.springframework.test.annotation.SystemProfileValueSource] for class [com.zilch.payments.boundary.inbound.controllers.purchase.PurchaseControllerSpec]
07:32:25.970 [main] DEBUG org.springframework.test.annotation.ProfileValueUtils - Retrieved @ProfileValueSourceConfiguration [null] for test class [com.zilch.payments.boundary.inbound.controllers.purchase.PurchaseControllerSpec]
07:32:25.970 [main] DEBUG org.springframework.test.annotation.ProfileValueUtils - Retrieved ProfileValueSource type [class org.springframework.test.annotation.SystemProfileValueSource] for class [com.zilch.payments.boundary.inbound.controllers.purchase.PurchaseControllerSpec]
07:32:25.970 [main] DEBUG org.springframework.test.annotation.ProfileValueUtils - Retrieved @ProfileValueSourceConfiguration [null] for test class [com.zilch.payments.boundary.inbound.controllers.purchase.PurchaseControllerSpec]
07:32:25.970 [main] DEBUG org.springframework.test.annotation.ProfileValueUtils - Retrieved ProfileValueSource type [class org.springframework.test.annotation.SystemProfileValueSource] for class [com.zilch.payments.boundary.inbound.controllers.purchase.PurchaseControllerSpec]
07:32:25.970 [main] DEBUG org.springframework.test.context.BootstrapUtils - Instantiating CacheAwareContextLoaderDelegate from class [org.springframework.test.context.cache.DefaultCacheAwareContextLoaderDelegate]
07:32:25.971 [main] DEBUG org.springframework.test.context.BootstrapUtils - Instantiating BootstrapContext using constructor [public org.springframework.test.context.support.DefaultBootstrapContext(java.lang.Class,org.springframework.test.context.CacheAwareContextLoaderDelegate)]
07:32:25.971 [main] DEBUG org.springframework.test.context.BootstrapUtils - Instantiating TestContextBootstrapper for test class [com.zilch.payments.boundary.inbound.controllers.purchase.PurchaseControllerSpec] from class [org.springframework.boot.test.autoconfigure.web.servlet.WebMvcTestContextBootstrapper]
07:32:25.972 [main] DEBUG org.springframework.test.context.support.AbstractContextLoader - Did not detect default resource location for test class [com.zilch.payments.boundary.inbound.controllers.purchase.PurchaseControllerSpec]: class path resource [com/zilch/payments/boundary/inbound/controllers/purchase/PurchaseControllerSpec-context.xml] does not exist
07:32:25.972 [main] DEBUG org.springframework.test.context.support.AbstractContextLoader - Did not detect default resource location for test class [com.zilch.payments.boundary.inbound.controllers.purchase.PurchaseControllerSpec]: class path resource [com/zilch/payments/boundary/inbound/controllers/purchase/PurchaseControllerSpecContext.groovy] does not exist
07:32:25.972 [main] INFO org.springframework.test.context.support.AbstractContextLoader - Could not detect default resource locations for test class [com.zilch.payments.boundary.inbound.controllers.purchase.PurchaseControllerSpec]: no resource found for suffixes {-context.xml, Context.groovy}.
07:32:25.973 [main] DEBUG org.springframework.test.context.support.AbstractContextLoader - Did not detect default resource location for test class [com.zilch.payments.boundary.inbound.controllers.RestIntegrationBaseSpec]: class path resource [com/zilch/payments/boundary/inbound/controllers/RestIntegrationBaseSpec-context.xml] does not exist
07:32:25.973 [main] DEBUG org.springframework.test.context.support.AbstractContextLoader - Did not detect default resource location for test class [com.zilch.payments.boundary.inbound.controllers.RestIntegrationBaseSpec]: class path resource [com/zilch/payments/boundary/inbound/controllers/RestIntegrationBaseSpecContext.groovy] does not exist
07:32:25.973 [main] INFO org.springframework.test.context.support.AbstractContextLoader - Could not detect default resource locations for test class [com.zilch.payments.boundary.inbound.controllers.RestIntegrationBaseSpec]: no resource found for suffixes {-context.xml, Context.groovy}.
07:32:25.984 [main] DEBUG org.springframework.boot.test.autoconfigure.web.servlet.WebMvcTestContextBootstrapper - @TestExecutionListeners is not present for class [com.zilch.payments.boundary.inbound.controllers.purchase.PurchaseControllerSpec]: using defaults.
07:32:25.984 [main] INFO org.springframework.boot.test.autoconfigure.web.servlet.WebMvcTestContextBootstrapper - Loaded default TestExecutionListener class names from location [META-INF/spring.factories]: [org.springframework.boot.test.mock.mockito.MockitoTestExecutionListener, org.springframework.boot.test.mock.mockito.ResetMocksTestExecutionListener, org.springframework.boot.test.autoconfigure.restdocs.RestDocsTestExecutionListener, org.springframework.boot.test.autoconfigure.web.client.MockRestServiceServerResetTestExecutionListener, org.springframework.boot.test.autoconfigure.web.servlet.MockMvcPrintOnlyOnFailureTestExecutionListener, org.springframework.boot.test.autoconfigure.web.servlet.WebDriverTestExecutionListener, org.springframework.boot.test.autoconfigure.webservices.client.MockWebServiceServerTestExecutionListener, org.spockframework.spring.SpringMockTestExecutionListener, org.springframework.test.context.web.ServletTestExecutionListener, org.springframework.test.context.support.DirtiesContextBeforeModesTestExecutionListener, org.springframework.test.context.event.ApplicationEventsTestExecutionListener, org.springframework.test.context.support.DependencyInjectionTestExecutionListener, org.springframework.test.context.support.DirtiesContextTestExecutionListener, org.springframework.test.context.transaction.TransactionalTestExecutionListener, org.springframework.test.context.jdbc.SqlScriptsTestExecutionListener, org.springframework.test.context.event.EventPublishingTestExecutionListener]
07:32:25.984 [main] INFO org.springframework.boot.test.autoconfigure.web.servlet.WebMvcTestContextBootstrapper - Using TestExecutionListeners: [org.springframework.test.context.web.ServletTestExecutionListener@31024624, org.springframework.test.context.support.DirtiesContextBeforeModesTestExecutionListener@25bcd0c7, org.springframework.test.context.event.ApplicationEventsTestExecutionListener@32cb636e, org.springframework.boot.test.mock.mockito.MockitoTestExecutionListener@63cd604c, org.springframework.boot.test.autoconfigure.SpringBootDependencyInjectionTestExecutionListener@40dd3977, org.springframework.test.context.support.DirtiesContextTestExecutionListener@3a4e343, org.springframework.test.context.transaction.TransactionalTestExecutionListener@6a1d204a, org.springframework.test.context.jdbc.SqlScriptsTestExecutionListener@62dae245, org.springframework.test.context.event.EventPublishingTestExecutionListener@4b6579e8, org.springframework.boot.test.mock.mockito.ResetMocksTestExecutionListener@6fff253c, org.springframework.boot.test.autoconfigure.restdocs.RestDocsTestExecutionListener@6c6357f9, org.springframework.boot.test.autoconfigure.web.client.MockRestServiceServerResetTestExecutionListener@591e58fa, org.springframework.boot.test.autoconfigure.web.servlet.MockMvcPrintOnlyOnFailureTestExecutionListener@3954d008, org.springframework.boot.test.autoconfigure.web.servlet.WebDriverTestExecutionListener@2f94c4db, org.springframework.boot.test.autoconfigure.webservices.client.MockWebServiceServerTestExecutionListener@593e824f, org.spockframework.spring.SpringMockTestExecutionListener@72ccd81a]
07:32:25.987 [main] DEBUG org.springframework.test.annotation.ProfileValueUtils - Retrieved @ProfileValueSourceConfiguration [null] for test class [com.zilch.payments.boundary.inbound.controllers.purchase.AccountPurchasesSummaryControllerSpec]
07:32:25.987 [main] DEBUG org.springframework.test.annotation.ProfileValueUtils - Retrieved ProfileValueSource type [class org.springframework.test.annotation.SystemProfileValueSource] for class [com.zilch.payments.boundary.inbound.controllers.purchase.AccountPurchasesSummaryControllerSpec]
07:32:25.987 [main] DEBUG org.springframework.test.annotation.ProfileValueUtils - Retrieved @ProfileValueSourceConfiguration [null] for test class [com.zilch.payments.boundary.inbound.controllers.purchase.AccountPurchasesSummaryControllerSpec]
07:32:25.987 [main] DEBUG org.springframework.test.annotation.ProfileValueUtils - Retrieved ProfileValueSource type [class org.springframework.test.annotation.SystemProfileValueSource] for class [com.zilch.payments.boundary.inbound.controllers.purchase.AccountPurchasesSummaryControllerSpec]
07:32:25.987 [main] DEBUG org.springframework.test.context.BootstrapUtils - Instantiating CacheAwareContextLoaderDelegate from class [org.springframework.test.context.cache.DefaultCacheAwareContextLoaderDelegate]
07:32:25.987 [main] DEBUG org.springframework.test.context.BootstrapUtils - Instantiating BootstrapContext using constructor [public org.springframework.test.context.support.DefaultBootstrapContext(java.lang.Class,org.springframework.test.context.CacheAwareContextLoaderDelegate)]
07:32:25.988 [main] DEBUG org.springframework.test.context.BootstrapUtils - Instantiating TestContextBootstrapper for test class [com.zilch.payments.boundary.inbound.controllers.purchase.AccountPurchasesSummaryControllerSpec] from class [org.springframework.boot.test.autoconfigure.web.servlet.WebMvcTestContextBootstrapper]
07:32:25.989 [main] DEBUG org.springframework.test.context.support.AbstractContextLoader - Did not detect default resource location for test class [com.zilch.payments.boundary.inbound.controllers.purchase.AccountPurchasesSummaryControllerSpec]: class path resource [com/zilch/payments/boundary/inbound/controllers/purchase/AccountPurchasesSummaryControllerSpec-context.xml] does not exist
07:32:25.989 [main] DEBUG org.springframework.test.context.support.AbstractContextLoader - Did not detect default resource location for test class [com.zilch.payments.boundary.inbound.controllers.purchase.AccountPurchasesSummaryControllerSpec]: class path resource [com/zilch/payments/boundary/inbound/controllers/purchase/AccountPurchasesSummaryControllerSpecContext.groovy] does not exist
07:32:25.989 [main] INFO org.springframework.test.context.support.AbstractContextLoader - Could not detect default resource locations for test class [com.zilch.payments.boundary.inbound.controllers.purchase.AccountPurchasesSummaryControllerSpec]: no resource found for suffixes {-context.xml, Context.groovy}.
07:32:25.989 [main] DEBUG org.springframework.test.context.support.AbstractContextLoader - Did not detect default resource location for test class [com.zilch.payments.boundary.inbound.controllers.RestIntegrationBaseSpec]: class path resource [com/zilch/payments/boundary/inbound/controllers/RestIntegrationBaseSpec-context.xml] does not exist
07:32:25.989 [main] DEBUG org.springframework.test.context.support.AbstractContextLoader - Did not detect default resource location for test class [com.zilch.payments.boundary.inbound.controllers.RestIntegrationBaseSpec]: class path resource [com/zilch/payments/boundary/inbound/controllers/RestIntegrationBaseSpecContext.groovy] does not exist
07:32:25.989 [main] INFO org.springframework.test.context.support.AbstractContextLoader - Could not detect default resource locations for test class [com.zilch.payments.boundary.inbound.controllers.RestIntegrationBaseSpec]: no resource found for suffixes {-context.xml, Context.groovy}.
07:32:25.992 [main] DEBUG org.springframework.boot.test.autoconfigure.web.servlet.WebMvcTestContextBootstrapper - @TestExecutionListeners is not present for class [com.zilch.payments.boundary.inbound.controllers.purchase.AccountPurchasesSummaryControllerSpec]: using defaults.
07:32:25.992 [main] INFO org.springframework.boot.test.autoconfigure.web.servlet.WebMvcTestContextBootstrapper - Loaded default TestExecutionListener class names from location [META-INF/spring.factories]: [org.springframework.boot.test.mock.mockito.MockitoTestExecutionListener, org.springframework.boot.test.mock.mockito.ResetMocksTestExecutionListener, org.springframework.boot.test.autoconfigure.restdocs.RestDocsTestExecutionListener, org.springframework.boot.test.autoconfigure.web.client.MockRestServiceServerResetTestExecutionListener, org.springframework.boot.test.autoconfigure.web.servlet.MockMvcPrintOnlyOnFailureTestExecutionListener, org.springframework.boot.test.autoconfigure.web.servlet.WebDriverTestExecutionListener, org.springframework.boot.test.autoconfigure.webservices.client.MockWebServiceServerTestExecutionListener, org.spockframework.spring.SpringMockTestExecutionListener, org.springframework.test.context.web.ServletTestExecutionListener, org.springframework.test.context.support.DirtiesContextBeforeModesTestExecutionListener, org.springframework.test.context.event.ApplicationEventsTestExecutionListener, org.springframework.test.context.support.DependencyInjectionTestExecutionListener, org.springframework.test.context.support.DirtiesContextTestExecutionListener, org.springframework.test.context.transaction.TransactionalTestExecutionListener, org.springframework.test.context.jdbc.SqlScriptsTestExecutionListener, org.springframework.test.context.event.EventPublishingTestExecutionListener]
07:32:25.992 [main] INFO org.springframework.boot.test.autoconfigure.web.servlet.WebMvcTestContextBootstrapper - Using TestExecutionListeners: [org.springframework.test.context.web.ServletTestExecutionListener@549621f3, org.springframework.test.context.support.DirtiesContextBeforeModesTestExecutionListener@54361a9, org.springframework.test.context.event.ApplicationEventsTestExecutionListener@32232e55, org.springframework.boot.test.mock.mockito.MockitoTestExecutionListener@5217f3d0, org.springframework.boot.test.autoconfigure.SpringBootDependencyInjectionTestExecutionListener@37ebc9d8, org.springframework.test.context.support.DirtiesContextTestExecutionListener@293bb8a5, org.springframework.test.context.transaction.TransactionalTestExecutionListener@2416a51, org.springframework.test.context.jdbc.SqlScriptsTestExecutionListener@6fa590ba, org.springframework.test.context.event.EventPublishingTestExecutionListener@6e9319f, org.springframework.boot.test.mock.mockito.ResetMocksTestExecutionListener@72e34f77, org.springframework.boot.test.autoconfigure.restdocs.RestDocsTestExecutionListener@7bf9b098, org.springframework.boot.test.autoconfigure.web.client.MockRestServiceServerResetTestExecutionListener@389adf1d, org.springframework.boot.test.autoconfigure.web.servlet.MockMvcPrintOnlyOnFailureTestExecutionListener@77307458, org.springframework.boot.test.autoconfigure.web.servlet.WebDriverTestExecutionListener@1fc0053e, org.springframework.boot.test.autoconfigure.webservices.client.MockWebServiceServerTestExecutionListener@290b1b2e, org.spockframework.spring.SpringMockTestExecutionListener@47874b25]
07:32:25.996 [main] DEBUG org.springframework.test.annotation.ProfileValueUtils - Retrieved @ProfileValueSourceConfiguration [null] for test class [com.zilch.payments.boundary.inbound.controllers.account.AccountsControllerSpec]
07:32:25.996 [main] DEBUG org.springframework.test.annotation.ProfileValueUtils - Retrieved ProfileValueSource type [class org.springframework.test.annotation.SystemProfileValueSource] for class [com.zilch.payments.boundary.inbound.controllers.account.AccountsControllerSpec]
07:32:25.996 [main] DEBUG org.springframework.test.annotation.ProfileValueUtils - Retrieved @ProfileValueSourceConfiguration [null] for test class [com.zilch.payments.boundary.inbound.controllers.account.AccountsControllerSpec]
07:32:25.996 [main] DEBUG org.springframework.test.annotation.ProfileValueUtils - Retrieved ProfileValueSource type [class org.springframework.test.annotation.SystemProfileValueSource] for class [com.zilch.payments.boundary.inbound.controllers.account.AccountsControllerSpec]
07:32:25.996 [main] DEBUG org.springframework.test.annotation.ProfileValueUtils - Retrieved @ProfileValueSourceConfiguration [null] for test class [com.zilch.payments.boundary.inbound.controllers.account.AccountsControllerSpec]
07:32:25.996 [main] DEBUG org.springframework.test.annotation.ProfileValueUtils - Retrieved ProfileValueSource type [class org.springframework.test.annotation.SystemProfileValueSource] for class [com.zilch.payments.boundary.inbound.controllers.account.AccountsControllerSpec]
07:32:25.996 [main] DEBUG org.springframework.test.annotation.ProfileValueUtils - Retrieved @ProfileValueSourceConfiguration [null] for test class [com.zilch.payments.boundary.inbound.controllers.account.AccountsControllerSpec]
07:32:25.996 [main] DEBUG org.springframework.test.annotation.ProfileValueUtils - Retrieved ProfileValueSource type [class org.springframework.test.annotation.SystemProfileValueSource] for class [com.zilch.payments.boundary.inbound.controllers.account.AccountsControllerSpec]
07:32:25.996 [main] DEBUG org.springframework.test.annotation.ProfileValueUtils - Retrieved @ProfileValueSourceConfiguration [null] for test class [com.zilch.payments.boundary.inbound.controllers.account.AccountsControllerSpec]
07:32:25.996 [main] DEBUG org.springframework.test.annotation.ProfileValueUtils - Retrieved ProfileValueSource type [class org.springframework.test.annotation.SystemProfileValueSource] for class [com.zilch.payments.boundary.inbound.controllers.account.AccountsControllerSpec]
07:32:25.996 [main] DEBUG org.springframework.test.annotation.ProfileValueUtils - Retrieved @ProfileValueSourceConfiguration [null] for test class [com.zilch.payments.boundary.inbound.controllers.account.AccountsControllerSpec]
07:32:25.996 [main] DEBUG org.springframework.test.annotation.ProfileValueUtils - Retrieved ProfileValueSource type [class org.springframework.test.annotation.SystemProfileValueSource] for class [com.zilch.payments.boundary.inbound.controllers.account.AccountsControllerSpec]
07:32:25.996 [main] DEBUG org.springframework.test.context.BootstrapUtils - Instantiating CacheAwareContextLoaderDelegate from class [org.springframework.test.context.cache.DefaultCacheAwareContextLoaderDelegate]
07:32:25.997 [main] DEBUG org.springframework.test.context.BootstrapUtils - Instantiating BootstrapContext using constructor [public org.springframework.test.context.support.DefaultBootstrapContext(java.lang.Class,org.springframework.test.context.CacheAwareContextLoaderDelegate)]
07:32:25.997 [main] DEBUG org.springframework.test.context.BootstrapUtils - Instantiating TestContextBootstrapper for test class [com.zilch.payments.boundary.inbound.controllers.account.AccountsControllerSpec] from class [org.springframework.boot.test.autoconfigure.web.servlet.WebMvcTestContextBootstrapper]
07:32:25.997 [main] DEBUG org.springframework.test.context.support.AbstractContextLoader - Did not detect default resource location for test class [com.zilch.payments.boundary.inbound.controllers.account.AccountsControllerSpec]: class path resource [com/zilch/payments/boundary/inbound/controllers/account/AccountsControllerSpec-context.xml] does not exist
07:32:25.997 [main] DEBUG org.springframework.test.context.support.AbstractContextLoader - Did not detect default resource location for test class [com.zilch.payments.boundary.inbound.controllers.account.AccountsControllerSpec]: class path resource [com/zilch/payments/boundary/inbound/controllers/account/AccountsControllerSpecContext.groovy] does not exist
07:32:25.997 [main] INFO org.springframework.test.context.support.AbstractContextLoader - Could not detect default resource locations for test class [com.zilch.payments.boundary.inbound.controllers.account.AccountsControllerSpec]: no resource found for suffixes {-context.xml, Context.groovy}.
07:32:25.997 [main] DEBUG org.springframework.test.context.support.AbstractContextLoader - Did not detect default resource location for test class [com.zilch.payments.boundary.inbound.controllers.RestIntegrationBaseSpec]: class path resource [com/zilch/payments/boundary/inbound/controllers/RestIntegrationBaseSpec-context.xml] does not exist
07:32:25.998 [main] DEBUG org.springframework.test.context.support.AbstractContextLoader - Did not detect default resource location for test class [com.zilch.payments.boundary.inbound.controllers.RestIntegrationBaseSpec]: class path resource [com/zilch/payments/boundary/inbound/controllers/RestIntegrationBaseSpecContext.groovy] does not exist
07:32:25.998 [main] INFO org.springframework.test.context.support.AbstractContextLoader - Could not detect default resource locations for test class [com.zilch.payments.boundary.inbound.controllers.RestIntegrationBaseSpec]: no resource found for suffixes {-context.xml, Context.groovy}.
07:32:26.001 [main] DEBUG org.springframework.boot.test.autoconfigure.web.servlet.WebMvcTestContextBootstrapper - @TestExecutionListeners is not present for class [com.zilch.payments.boundary.inbound.controllers.account.AccountsControllerSpec]: using defaults.
07:32:26.001 [main] INFO org.springframework.boot.test.autoconfigure.web.servlet.WebMvcTestContextBootstrapper - Loaded default TestExecutionListener class names from location [META-INF/spring.factories]: [org.springframework.boot.test.mock.mockito.MockitoTestExecutionListener, org.springframework.boot.test.mock.mockito.ResetMocksTestExecutionListener, org.springframework.boot.test.autoconfigure.restdocs.RestDocsTestExecutionListener, org.springframework.boot.test.autoconfigure.web.client.MockRestServiceServerResetTestExecutionListener, org.springframework.boot.test.autoconfigure.web.servlet.MockMvcPrintOnlyOnFailureTestExecutionListener, org.springframework.boot.test.autoconfigure.web.servlet.WebDriverTestExecutionListener, org.springframework.boot.test.autoconfigure.webservices.client.MockWebServiceServerTestExecutionListener, org.spockframework.spring.SpringMockTestExecutionListener, org.springframework.test.context.web.ServletTestExecutionListener, org.springframework.test.context.support.DirtiesContextBeforeModesTestExecutionListener, org.springframework.test.context.event.ApplicationEventsTestExecutionListener, org.springframework.test.context.support.DependencyInjectionTestExecutionListener, org.springframework.test.context.support.DirtiesContextTestExecutionListener, org.springframework.test.context.transaction.TransactionalTestExecutionListener, org.springframework.test.context.jdbc.SqlScriptsTestExecutionListener, org.springframework.test.context.event.EventPublishingTestExecutionListener]
07:32:26.001 [main] INFO org.springframework.boot.test.autoconfigure.web.servlet.WebMvcTestContextBootstrapper - Using TestExecutionListeners: [org.springframework.test.context.web.ServletTestExecutionListener@6bab2585, org.springframework.test.context.support.DirtiesContextBeforeModesTestExecutionListener@74bdc168, org.springframework.test.context.event.ApplicationEventsTestExecutionListener@644c78d4, org.springframework.boot.test.mock.mockito.MockitoTestExecutionListener@532a02d9, org.springframework.boot.test.autoconfigure.SpringBootDependencyInjectionTestExecutionListener@611f8234, org.springframework.test.context.support.DirtiesContextTestExecutionListener@7bb3a9fe, org.springframework.test.context.transaction.TransactionalTestExecutionListener@7cbee484, org.springframework.test.context.jdbc.SqlScriptsTestExecutionListener@7f811d00, org.springframework.test.context.event.EventPublishingTestExecutionListener@62923ee6, org.springframework.boot.test.mock.mockito.ResetMocksTestExecutionListener@4089713, org.springframework.boot.test.autoconfigure.restdocs.RestDocsTestExecutionListener@f19c9d2, org.springframework.boot.test.autoconfigure.web.client.MockRestServiceServerResetTestExecutionListener@7807ac2c, org.springframework.boot.test.autoconfigure.web.servlet.MockMvcPrintOnlyOnFailureTestExecutionListener@b91d8c4, org.springframework.boot.test.autoconfigure.web.servlet.WebDriverTestExecutionListener@4b6166aa, org.springframework.boot.test.autoconfigure.webservices.client.MockWebServiceServerTestExecutionListener@a77614d, org.spockframework.spring.SpringMockTestExecutionListener@4fd4cae3]
07:32:26.018 [main] DEBUG org.springframework.test.annotation.ProfileValueUtils - Retrieved @ProfileValueSourceConfiguration [null] for test class [com.zilch.payments.boundary.oubound.elastic.purchase.ElasticsearchPurchaseRepositorySpec]
07:32:26.018 [main] DEBUG org.springframework.test.annotation.ProfileValueUtils - Retrieved ProfileValueSource type [class org.springframework.test.annotation.SystemProfileValueSource] for class [com.zilch.payments.boundary.oubound.elastic.purchase.ElasticsearchPurchaseRepositorySpec]
07:32:26.018 [main] DEBUG org.springframework.test.annotation.ProfileValueUtils - Retrieved @ProfileValueSourceConfiguration [null] for test class [com.zilch.payments.boundary.oubound.elastic.purchase.ElasticsearchPurchaseRepositorySpec]
07:32:26.018 [main] DEBUG org.springframework.test.annotation.ProfileValueUtils - Retrieved ProfileValueSource type [class org.springframework.test.annotation.SystemProfileValueSource] for class [com.zilch.payments.boundary.oubound.elastic.purchase.ElasticsearchPurchaseRepositorySpec]
07:32:26.019 [main] DEBUG org.springframework.test.context.BootstrapUtils - Instantiating CacheAwareContextLoaderDelegate from class [org.springframework.test.context.cache.DefaultCacheAwareContextLoaderDelegate]
07:32:26.019 [main] DEBUG org.springframework.test.context.BootstrapUtils - Instantiating BootstrapContext using constructor [public org.springframework.test.context.support.DefaultBootstrapContext(java.lang.Class,org.springframework.test.context.CacheAwareContextLoaderDelegate)]
07:32:26.019 [main] DEBUG org.springframework.test.context.BootstrapUtils - Instantiating TestContextBootstrapper for test class [com.zilch.payments.boundary.oubound.elastic.purchase.ElasticsearchPurchaseRepositorySpec] from class [org.springframework.test.context.support.DefaultTestContextBootstrapper]
07:32:26.019 [main] DEBUG org.springframework.test.context.support.AbstractDelegatingSmartContextLoader - Delegating to AnnotationConfigContextLoader to process context configuration [ContextConfigurationAttributes@a486d78 declaringClass = 'com.zilch.payments.boundary.oubound.elastic.ElasticsearchSliceBaseTest', classes = '{class com.zilch.payments.application.config.elasticsearch.ElasticsearchConfig}', locations = '{}', inheritLocations = true, initializers = '{class com.zilch.payments.boundary.oubound.elastic.ElasticsearchTestContainerRunner$Initializer}', inheritInitializers = true, name = [null], contextLoaderClass = 'org.springframework.test.context.ContextLoader'].
07:32:26.020 [main] DEBUG org.springframework.test.context.support.ActiveProfilesUtils - Could not find an 'annotation declaring class' for annotation type [org.springframework.test.context.ActiveProfiles] and class [com.zilch.payments.boundary.oubound.elastic.purchase.ElasticsearchPurchaseRepositorySpec]
07:32:26.020 [main] DEBUG org.springframework.test.context.support.DefaultTestContextBootstrapper - @TestExecutionListeners is not present for class [com.zilch.payments.boundary.oubound.elastic.purchase.ElasticsearchPurchaseRepositorySpec]: using defaults.
07:32:26.020 [main] INFO org.springframework.test.context.support.DefaultTestContextBootstrapper - Loaded default TestExecutionListener class names from location [META-INF/spring.factories]: [org.springframework.boot.test.mock.mockito.MockitoTestExecutionListener, org.springframework.boot.test.mock.mockito.ResetMocksTestExecutionListener, org.springframework.boot.test.autoconfigure.restdocs.RestDocsTestExecutionListener, org.springframework.boot.test.autoconfigure.web.client.MockRestServiceServerResetTestExecutionListener, org.springframework.boot.test.autoconfigure.web.servlet.MockMvcPrintOnlyOnFailureTestExecutionListener, org.springframework.boot.test.autoconfigure.web.servlet.WebDriverTestExecutionListener, org.springframework.boot.test.autoconfigure.webservices.client.MockWebServiceServerTestExecutionListener, org.spockframework.spring.SpringMockTestExecutionListener, org.springframework.test.context.web.ServletTestExecutionListener, org.springframework.test.context.support.DirtiesContextBeforeModesTestExecutionListener, org.springframework.test.context.event.ApplicationEventsTestExecutionListener, org.springframework.test.context.support.DependencyInjectionTestExecutionListener, org.springframework.test.context.support.DirtiesContextTestExecutionListener, org.springframework.test.context.transaction.TransactionalTestExecutionListener, org.springframework.test.context.jdbc.SqlScriptsTestExecutionListener, org.springframework.test.context.event.EventPublishingTestExecutionListener]
07:32:26.020 [main] INFO org.springframework.test.context.support.DefaultTestContextBootstrapper - Using TestExecutionListeners: [org.springframework.test.context.web.ServletTestExecutionListener@cdc3aae, org.springframework.test.context.support.DirtiesContextBeforeModesTestExecutionListener@7ef2d7a6, org.springframework.test.context.event.ApplicationEventsTestExecutionListener@5dcbb60, org.springframework.boot.test.mock.mockito.MockitoTestExecutionListener@4c36250e, org.springframework.test.context.support.DependencyInjectionTestExecutionListener@21526f6c, org.springframework.test.context.support.DirtiesContextTestExecutionListener@49f5c307, org.springframework.test.context.transaction.TransactionalTestExecutionListener@299266e2, org.springframework.test.context.jdbc.SqlScriptsTestExecutionListener@5471388b, org.springframework.test.context.event.EventPublishingTestExecutionListener@66ea1466, org.springframework.boot.test.mock.mockito.ResetMocksTestExecutionListener@1601e47, org.springframework.boot.test.autoconfigure.restdocs.RestDocsTestExecutionListener@3bffddff, org.springframework.boot.test.autoconfigure.web.client.MockRestServiceServerResetTestExecutionListener@66971f6b, org.springframework.boot.test.autoconfigure.web.servlet.MockMvcPrintOnlyOnFailureTestExecutionListener@50687efb, org.springframework.boot.test.autoconfigure.web.servlet.WebDriverTestExecutionListener@517bd097, org.springframework.boot.test.autoconfigure.webservices.client.MockWebServiceServerTestExecutionListener@142eef62, org.spockframework.spring.SpringMockTestExecutionListener@4a9cc6cb]
07:32:26.020 [main] DEBUG org.springframework.test.annotation.ProfileValueUtils - Retrieved @ProfileValueSourceConfiguration [null] for test class [com.zilch.payments.boundary.oubound.mongo.purchase.MongoPurchasesRepositorySpec]
07:32:26.020 [main] DEBUG org.springframework.test.annotation.ProfileValueUtils - Retrieved ProfileValueSource type [class org.springframework.test.annotation.SystemProfileValueSource] for class [com.zilch.payments.boundary.oubound.mongo.purchase.MongoPurchasesRepositorySpec]
07:32:26.020 [main] DEBUG org.springframework.test.annotation.ProfileValueUtils - Retrieved @ProfileValueSourceConfiguration [null] for test class [com.zilch.payments.boundary.oubound.mongo.purchase.MongoPurchasesRepositorySpec]
07:32:26.020 [main] DEBUG org.springframework.test.annotation.ProfileValueUtils - Retrieved ProfileValueSource type [class org.springframework.test.annotation.SystemProfileValueSource] for class [com.zilch.payments.boundary.oubound.mongo.purchase.MongoPurchasesRepositorySpec]
07:32:26.020 [main] DEBUG org.springframework.test.annotation.ProfileValueUtils - Retrieved @ProfileValueSourceConfiguration [null] for test class [com.zilch.payments.boundary.oubound.mongo.purchase.MongoPurchasesRepositorySpec]
07:32:26.020 [main] DEBUG org.springframework.test.annotation.ProfileValueUtils - Retrieved ProfileValueSource type [class org.springframework.test.annotation.SystemProfileValueSource] for class [com.zilch.payments.boundary.oubound.mongo.purchase.MongoPurchasesRepositorySpec]
07:32:26.020 [main] DEBUG org.springframework.test.context.BootstrapUtils - Instantiating CacheAwareContextLoaderDelegate from class [org.springframework.test.context.cache.DefaultCacheAwareContextLoaderDelegate]
07:32:26.021 [main] DEBUG org.springframework.test.context.BootstrapUtils - Instantiating BootstrapContext using constructor [public org.springframework.test.context.support.DefaultBootstrapContext(java.lang.Class,org.springframework.test.context.CacheAwareContextLoaderDelegate)]
07:32:26.021 [main] DEBUG org.springframework.test.context.BootstrapUtils - Instantiating TestContextBootstrapper for test class [com.zilch.payments.boundary.oubound.mongo.purchase.MongoPurchasesRepositorySpec] from class [org.springframework.boot.test.autoconfigure.data.mongo.DataMongoTestContextBootstrapper]
07:32:26.021 [main] DEBUG org.springframework.test.context.support.AbstractContextLoader - Did not detect default resource location for test class [com.zilch.payments.boundary.oubound.mongo.MongoDbSliceBaseTest]: class path resource [com/zilch/payments/boundary/oubound/mongo/MongoDbSliceBaseTest-context.xml] does not exist
07:32:26.021 [main] DEBUG org.springframework.test.context.support.AbstractContextLoader - Did not detect default resource location for test class [com.zilch.payments.boundary.oubound.mongo.MongoDbSliceBaseTest]: class path resource [com/zilch/payments/boundary/oubound/mongo/MongoDbSliceBaseTestContext.groovy] does not exist
07:32:26.021 [main] INFO org.springframework.test.context.support.AbstractContextLoader - Could not detect default resource locations for test class [com.zilch.payments.boundary.oubound.mongo.MongoDbSliceBaseTest]: no resource found for suffixes {-context.xml, Context.groovy}.
07:32:26.023 [main] DEBUG org.springframework.test.context.support.ActiveProfilesUtils - Could not find an 'annotation declaring class' for annotation type [org.springframework.test.context.ActiveProfiles] and class [com.zilch.payments.boundary.oubound.mongo.purchase.MongoPurchasesRepositorySpec]
07:32:26.024 [main] DEBUG org.springframework.boot.test.autoconfigure.data.mongo.DataMongoTestContextBootstrapper - @TestExecutionListeners is not present for class [com.zilch.payments.boundary.oubound.mongo.purchase.MongoPurchasesRepositorySpec]: using defaults.
07:32:26.024 [main] INFO org.springframework.boot.test.autoconfigure.data.mongo.DataMongoTestContextBootstrapper - Loaded default TestExecutionListener class names from location [META-INF/spring.factories]: [org.springframework.boot.test.mock.mockito.MockitoTestExecutionListener, org.springframework.boot.test.mock.mockito.ResetMocksTestExecutionListener, org.springframework.boot.test.autoconfigure.restdocs.RestDocsTestExecutionListener, org.springframework.boot.test.autoconfigure.web.client.MockRestServiceServerResetTestExecutionListener, org.springframework.boot.test.autoconfigure.web.servlet.MockMvcPrintOnlyOnFailureTestExecutionListener, org.springframework.boot.test.autoconfigure.web.servlet.WebDriverTestExecutionListener, org.springframework.boot.test.autoconfigure.webservices.client.MockWebServiceServerTestExecutionListener, org.spockframework.spring.SpringMockTestExecutionListener, org.springframework.test.context.web.ServletTestExecutionListener, org.springframework.test.context.support.DirtiesContextBeforeModesTestExecutionListener, org.springframework.test.context.event.ApplicationEventsTestExecutionListener, org.springframework.test.context.support.DependencyInjectionTestExecutionListener, org.springframework.test.context.support.DirtiesContextTestExecutionListener, org.springframework.test.context.transaction.TransactionalTestExecutionListener, org.springframework.test.context.jdbc.SqlScriptsTestExecutionListener, org.springframework.test.context.event.EventPublishingTestExecutionListener]
07:32:26.024 [main] INFO org.springframework.boot.test.autoconfigure.data.mongo.DataMongoTestContextBootstrapper - Using TestExecutionListeners: [org.springframework.test.context.web.ServletTestExecutionListener@c9413d8, org.springframework.test.context.support.DirtiesContextBeforeModesTestExecutionListener@64da2a7, org.springframework.test.context.event.ApplicationEventsTestExecutionListener@46074492, org.springframework.boot.test.mock.mockito.MockitoTestExecutionListener@d78795, org.springframework.boot.test.autoconfigure.SpringBootDependencyInjectionTestExecutionListener@2c715e84, org.springframework.test.context.support.DirtiesContextTestExecutionListener@47428937, org.springframework.test.context.transaction.TransactionalTestExecutionListener@3b9d6699, org.springframework.test.context.jdbc.SqlScriptsTestExecutionListener@7caa550, org.springframework.test.context.event.EventPublishingTestExecutionListener@21694e53, org.springframework.boot.test.mock.mockito.ResetMocksTestExecutionListener@72b16078, org.springframework.boot.test.autoconfigure.restdocs.RestDocsTestExecutionListener@22c86919, org.springframework.boot.test.autoconfigure.web.client.MockRestServiceServerResetTestExecutionListener@70fab835, org.springframework.boot.test.autoconfigure.web.servlet.MockMvcPrintOnlyOnFailureTestExecutionListener@1b0a7baf, org.springframework.boot.test.autoconfigure.web.servlet.WebDriverTestExecutionListener@62417a16, org.springframework.boot.test.autoconfigure.webservices.client.MockWebServiceServerTestExecutionListener@32057e6, org.spockframework.spring.SpringMockTestExecutionListener@26be6ca7]
07:32:26.025 [main] DEBUG org.springframework.test.annotation.ProfileValueUtils - Retrieved @ProfileValueSourceConfiguration [null] for test class [com.zilch.payments.boundary.oubound.mongo.account.MongoAccountsRepositorySpec]
07:32:26.025 [main] DEBUG org.springframework.test.annotation.ProfileValueUtils - Retrieved ProfileValueSource type [class org.springframework.test.annotation.SystemProfileValueSource] for class [com.zilch.payments.boundary.oubound.mongo.account.MongoAccountsRepositorySpec]
07:32:26.026 [main] DEBUG org.springframework.test.annotation.ProfileValueUtils - Retrieved @ProfileValueSourceConfiguration [null] for test class [com.zilch.payments.boundary.oubound.mongo.account.MongoAccountsRepositorySpec]
07:32:26.026 [main] DEBUG org.springframework.test.annotation.ProfileValueUtils - Retrieved ProfileValueSource type [class org.springframework.test.annotation.SystemProfileValueSource] for class [com.zilch.payments.boundary.oubound.mongo.account.MongoAccountsRepositorySpec]
07:32:26.026 [main] DEBUG org.springframework.test.context.BootstrapUtils - Instantiating CacheAwareContextLoaderDelegate from class [org.springframework.test.context.cache.DefaultCacheAwareContextLoaderDelegate]
07:32:26.026 [main] DEBUG org.springframework.test.context.BootstrapUtils - Instantiating BootstrapContext using constructor [public org.springframework.test.context.support.DefaultBootstrapContext(java.lang.Class,org.springframework.test.context.CacheAwareContextLoaderDelegate)]
07:32:26.027 [main] DEBUG org.springframework.test.context.BootstrapUtils - Instantiating TestContextBootstrapper for test class [com.zilch.payments.boundary.oubound.mongo.account.MongoAccountsRepositorySpec] from class [org.springframework.boot.test.autoconfigure.data.mongo.DataMongoTestContextBootstrapper]
07:32:26.028 [main] DEBUG org.springframework.test.context.support.AbstractContextLoader - Did not detect default resource location for test class [com.zilch.payments.boundary.oubound.mongo.MongoDbSliceBaseTest]: class path resource [com/zilch/payments/boundary/oubound/mongo/MongoDbSliceBaseTest-context.xml] does not exist
07:32:26.028 [main] DEBUG org.springframework.test.context.support.AbstractContextLoader - Did not detect default resource location for test class [com.zilch.payments.boundary.oubound.mongo.MongoDbSliceBaseTest]: class path resource [com/zilch/payments/boundary/oubound/mongo/MongoDbSliceBaseTestContext.groovy] does not exist
07:32:26.028 [main] INFO org.springframework.test.context.support.AbstractContextLoader - Could not detect default resource locations for test class [com.zilch.payments.boundary.oubound.mongo.MongoDbSliceBaseTest]: no resource found for suffixes {-context.xml, Context.groovy}.
07:32:26.032 [main] DEBUG org.springframework.test.context.support.ActiveProfilesUtils - Could not find an 'annotation declaring class' for annotation type [org.springframework.test.context.ActiveProfiles] and class [com.zilch.payments.boundary.oubound.mongo.account.MongoAccountsRepositorySpec]
07:32:26.034 [main] DEBUG org.springframework.boot.test.autoconfigure.data.mongo.DataMongoTestContextBootstrapper - @TestExecutionListeners is not present for class [com.zilch.payments.boundary.oubound.mongo.account.MongoAccountsRepositorySpec]: using defaults.
07:32:26.034 [main] INFO org.springframework.boot.test.autoconfigure.data.mongo.DataMongoTestContextBootstrapper - Loaded default TestExecutionListener class names from location [META-INF/spring.factories]: [org.springframework.boot.test.mock.mockito.MockitoTestExecutionListener, org.springframework.boot.test.mock.mockito.ResetMocksTestExecutionListener, org.springframework.boot.test.autoconfigure.restdocs.RestDocsTestExecutionListener, org.springframework.boot.test.autoconfigure.web.client.MockRestServiceServerResetTestExecutionListener, org.springframework.boot.test.autoconfigure.web.servlet.MockMvcPrintOnlyOnFailureTestExecutionListener, org.springframework.boot.test.autoconfigure.web.servlet.WebDriverTestExecutionListener, org.springframework.boot.test.autoconfigure.webservices.client.MockWebServiceServerTestExecutionListener, org.spockframework.spring.SpringMockTestExecutionListener, org.springframework.test.context.web.ServletTestExecutionListener, org.springframework.test.context.support.DirtiesContextBeforeModesTestExecutionListener, org.springframework.test.context.event.ApplicationEventsTestExecutionListener, org.springframework.test.context.support.DependencyInjectionTestExecutionListener, org.springframework.test.context.support.DirtiesContextTestExecutionListener, org.springframework.test.context.transaction.TransactionalTestExecutionListener, org.springframework.test.context.jdbc.SqlScriptsTestExecutionListener, org.springframework.test.context.event.EventPublishingTestExecutionListener]
07:32:26.034 [main] INFO org.springframework.boot.test.autoconfigure.data.mongo.DataMongoTestContextBootstrapper - Using TestExecutionListeners: [org.springframework.test.context.web.ServletTestExecutionListener@1133ec6e, org.springframework.test.context.support.DirtiesContextBeforeModesTestExecutionListener@355e34c7, org.springframework.test.context.event.ApplicationEventsTestExecutionListener@54709809, org.springframework.boot.test.mock.mockito.MockitoTestExecutionListener@2a2da905, org.springframework.boot.test.autoconfigure.SpringBootDependencyInjectionTestExecutionListener@24f360b2, org.springframework.test.context.support.DirtiesContextTestExecutionListener@60cf80e7, org.springframework.test.context.transaction.TransactionalTestExecutionListener@302fec27, org.springframework.test.context.jdbc.SqlScriptsTestExecutionListener@770d0ea6, org.springframework.test.context.event.EventPublishingTestExecutionListener@48c40605, org.springframework.boot.test.mock.mockito.ResetMocksTestExecutionListener@54107f42, org.springframework.boot.test.autoconfigure.restdocs.RestDocsTestExecutionListener@1b11ef33, org.springframework.boot.test.autoconfigure.web.client.MockRestServiceServerResetTestExecutionListener@476aac9, org.springframework.boot.test.autoconfigure.web.servlet.MockMvcPrintOnlyOnFailureTestExecutionListener@6cea706c, org.springframework.boot.test.autoconfigure.web.servlet.WebDriverTestExecutionListener@3bd7f8dc, org.springframework.boot.test.autoconfigure.webservices.client.MockWebServiceServerTestExecutionListener@2f2bf0e2, org.spockframework.spring.SpringMockTestExecutionListener@1eba372c]
07:32:26.035 [main] DEBUG org.springframework.test.annotation.ProfileValueUtils - Retrieved @ProfileValueSourceConfiguration [null] for test class [com.zilch.payments.boundary.inbound.controllers.purchase.PurchaseControllerSpec]
07:32:26.035 [main] DEBUG org.springframework.test.annotation.ProfileValueUtils - Retrieved ProfileValueSource type [class org.springframework.test.annotation.SystemProfileValueSource] for class [com.zilch.payments.boundary.inbound.controllers.purchase.PurchaseControllerSpec]
07:32:26.035 [main] DEBUG org.springframework.test.annotation.ProfileValueUtils - Retrieved @ProfileValueSourceConfiguration [null] for test class [com.zilch.payments.boundary.inbound.controllers.purchase.PurchaseControllerSpec]
07:32:26.035 [main] DEBUG org.springframework.test.annotation.ProfileValueUtils - Retrieved ProfileValueSource type [class org.springframework.test.annotation.SystemProfileValueSource] for class [com.zilch.payments.boundary.inbound.controllers.purchase.PurchaseControllerSpec]
07:32:26.035 [main] DEBUG org.springframework.test.annotation.ProfileValueUtils - Retrieved @ProfileValueSourceConfiguration [null] for test class [com.zilch.payments.boundary.inbound.controllers.purchase.PurchaseControllerSpec]
07:32:26.035 [main] DEBUG org.springframework.test.annotation.ProfileValueUtils - Retrieved ProfileValueSource type [class org.springframework.test.annotation.SystemProfileValueSource] for class [com.zilch.payments.boundary.inbound.controllers.purchase.PurchaseControllerSpec]
07:32:26.035 [main] DEBUG org.springframework.test.annotation.ProfileValueUtils - Retrieved @ProfileValueSourceConfiguration [null] for test class [com.zilch.payments.boundary.inbound.controllers.purchase.PurchaseControllerSpec]
07:32:26.035 [main] DEBUG org.springframework.test.annotation.ProfileValueUtils - Retrieved ProfileValueSource type [class org.springframework.test.annotation.SystemProfileValueSource] for class [com.zilch.payments.boundary.inbound.controllers.purchase.PurchaseControllerSpec]
07:32:26.035 [main] DEBUG org.springframework.test.context.BootstrapUtils - Instantiating CacheAwareContextLoaderDelegate from class [org.springframework.test.context.cache.DefaultCacheAwareContextLoaderDelegate]
07:32:26.035 [main] DEBUG org.springframework.test.context.BootstrapUtils - Instantiating BootstrapContext using constructor [public org.springframework.test.context.support.DefaultBootstrapContext(java.lang.Class,org.springframework.test.context.CacheAwareContextLoaderDelegate)]
07:32:26.035 [main] DEBUG org.springframework.test.context.BootstrapUtils - Instantiating TestContextBootstrapper for test class [com.zilch.payments.boundary.inbound.controllers.purchase.PurchaseControllerSpec] from class [org.springframework.boot.test.autoconfigure.web.servlet.WebMvcTestContextBootstrapper]
07:32:26.036 [main] DEBUG org.springframework.test.context.support.AbstractContextLoader - Did not detect default resource location for test class [com.zilch.payments.boundary.inbound.controllers.purchase.PurchaseControllerSpec]: class path resource [com/zilch/payments/boundary/inbound/controllers/purchase/PurchaseControllerSpec-context.xml] does not exist
07:32:26.036 [main] DEBUG org.springframework.test.context.support.AbstractContextLoader - Did not detect default resource location for test class [com.zilch.payments.boundary.inbound.controllers.purchase.PurchaseControllerSpec]: class path resource [com/zilch/payments/boundary/inbound/controllers/purchase/PurchaseControllerSpecContext.groovy] does not exist
07:32:26.036 [main] INFO org.springframework.test.context.support.AbstractContextLoader - Could not detect default resource locations for test class [com.zilch.payments.boundary.inbound.controllers.purchase.PurchaseControllerSpec]: no resource found for suffixes {-context.xml, Context.groovy}.
[...]
07:32:40.148 [I/O dispatcher 1] DEBUG org.apache.http.impl.nio.conn.PoolingNHttpClientConnectionManager - Releasing connection: [id: http-outgoing-0][route: {}->http://localhost:9200][total kept alive: 0; route allocated: 1 of 10; total allocated: 1 of 30]
07:32:40.148 [I/O dispatcher 1] DEBUG org.apache.http.impl.nio.conn.PoolingNHttpClientConnectionManager - Connection [id: http-outgoing-0][route: {}->http://localhost:9200] can be kept alive indefinitely
07:32:40.148 [I/O dispatcher 1] DEBUG org.apache.http.impl.nio.conn.ManagedNHttpClientConnectionImpl - http-outgoing-0 127.0.0.1:59956<->127.0.0.1:9200[ACTIVE][r:r]: Set timeout 0
07:32:40.148 [I/O dispatcher 1] DEBUG org.apache.http.impl.nio.conn.PoolingNHttpClientConnectionManager - Connection released: [id: http-outgoing-0][route: {}->http://localhost:9200][total kept alive: 1; route allocated: 1 of 10; total allocated: 1 of 30]
07:32:40.148 [I/O dispatcher 1] DEBUG org.apache.http.impl.nio.client.InternalIODispatch - http-outgoing-0 [ACTIVE] [content length: 49; pos: 49; completed: true]
07:32:40.148 [main] DEBUG org.elasticsearch.client.RestClient - request [POST http://localhost:9200/purchases/_refresh] returned [HTTP/1.1 200 OK]
07:32:40.153 [main] DEBUG org.apache.http.impl.nio.client.MainClientExec - [exchange: 6] start execution
07:32:40.153 [main] DEBUG org.apache.http.client.protocol.RequestAddCookies - CookieSpec selected: default
07:32:40.153 [main] DEBUG org.apache.http.client.protocol.RequestAuthCache - Re-using cached 'basic' auth scheme for http://localhost:9200
07:32:40.153 [main] DEBUG org.apache.http.client.protocol.RequestAuthCache - No credentials for preemptive authentication
07:32:40.153 [main] DEBUG org.apache.http.impl.nio.client.InternalHttpAsyncClient - [exchange: 6] Request connection for {}->http://localhost:9200
07:32:40.153 [main] DEBUG org.apache.http.impl.nio.conn.PoolingNHttpClientConnectionManager - Connection request: [route: {}->http://localhost:9200][total kept alive: 1; route allocated: 1 of 10; total allocated: 1 of 30]
07:32:40.153 [main] DEBUG org.apache.http.impl.nio.conn.ManagedNHttpClientConnectionImpl - http-outgoing-0 127.0.0.1:59956<->127.0.0.1:9200[ACTIVE][r:r]: Set timeout 0
07:32:40.153 [main] DEBUG org.apache.http.impl.nio.conn.PoolingNHttpClientConnectionManager - Connection leased: [id: http-outgoing-0][route: {}->http://localhost:9200][total kept alive: 0; route allocated: 1 of 10; total allocated: 1 of 30]
07:32:40.153 [main] DEBUG org.apache.http.impl.nio.client.InternalHttpAsyncClient - [exchange: 6] Connection allocated: CPoolProxy{http-outgoing-0 [ACTIVE]}
07:32:40.153 [main] DEBUG org.apache.http.impl.nio.conn.ManagedNHttpClientConnectionImpl - http-outgoing-0 127.0.0.1:59956<->127.0.0.1:9200[ACTIVE][r:r]: Set attribute http.nio.exchange-handler
07:32:40.153 [main] DEBUG org.apache.http.impl.nio.conn.ManagedNHttpClientConnectionImpl - http-outgoing-0 127.0.0.1:59956<->127.0.0.1:9200[ACTIVE][rw:r]: Event set [w]
07:32:40.153 [I/O dispatcher 1] DEBUG org.apache.http.impl.nio.client.InternalIODispatch - http-outgoing-0 [ACTIVE] Request ready
07:32:40.153 [I/O dispatcher 1] DEBUG org.apache.http.impl.nio.client.MainClientExec - [exchange: 6] Attempt 1 to execute request
07:32:40.153 [I/O dispatcher 1] DEBUG org.apache.http.impl.nio.client.MainClientExec - [exchange: 6] Target auth state: UNCHALLENGED
07:32:40.153 [I/O dispatcher 1] DEBUG org.apache.http.impl.nio.client.MainClientExec - [exchange: 6] Proxy auth state: UNCHALLENGED
07:32:40.153 [I/O dispatcher 1] DEBUG org.apache.http.impl.nio.conn.ManagedNHttpClientConnectionImpl - http-outgoing-0 127.0.0.1:59956<->127.0.0.1:9200[ACTIVE][rw:w]: Set timeout 5000
07:32:40.153 [I/O dispatcher 1] DEBUG org.apache.http.headers - http-outgoing-0 >> GET /purchases/_doc/purchaseId HTTP/1.1
07:32:40.153 [I/O dispatcher 1] DEBUG org.apache.http.headers - http-outgoing-0 >> X-Elastic-Client-Meta: es=7.17.6p,jv=17,t=7.17.6p,hc=4.1.5,gy=3.0
07:32:40.153 [I/O dispatcher 1] DEBUG org.apache.http.headers - http-outgoing-0 >> Content-Length: 0
07:32:40.153 [I/O dispatcher 1] DEBUG org.apache.http.headers - http-outgoing-0 >> Host: localhost:9200
07:32:40.153 [I/O dispatcher 1] DEBUG org.apache.http.headers - http-outgoing-0 >> Connection: Keep-Alive
07:32:40.153 [I/O dispatcher 1] DEBUG org.apache.http.headers - http-outgoing-0 >> User-Agent: elasticsearch-java/7.17.6-SNAPSHOT (Java/17)
07:32:40.153 [I/O dispatcher 1] DEBUG org.apache.http.impl.nio.conn.ManagedNHttpClientConnectionImpl - http-outgoing-0 127.0.0.1:59956<->127.0.0.1:9200[ACTIVE][rw:w]: Event set [w]
07:32:40.153 [I/O dispatcher 1] DEBUG org.apache.http.impl.nio.client.MainClientExec - [exchange: 6] Request completed
07:32:40.153 [I/O dispatcher 1] DEBUG org.apache.http.impl.nio.conn.ManagedNHttpClientConnectionImpl - http-outgoing-0 127.0.0.1:59956<->127.0.0.1:9200[ACTIVE][rw:w]: 233 bytes written
07:32:40.153 [I/O dispatcher 1] DEBUG org.apache.http.wire - http-outgoing-0 >> "GET /purchases/_doc/purchaseId HTTP/1.1[\r][\n]"
07:32:40.153 [I/O dispatcher 1] DEBUG org.apache.http.wire - http-outgoing-0 >> "X-Elastic-Client-Meta: es=7.17.6p,jv=17,t=7.17.6p,hc=4.1.5,gy=3.0[\r][\n]"
07:32:40.153 [I/O dispatcher 1] DEBUG org.apache.http.wire - http-outgoing-0 >> "Content-Length: 0[\r][\n]"
07:32:40.153 [I/O dispatcher 1] DEBUG org.apache.http.wire - http-outgoing-0 >> "Host: localhost:9200[\r][\n]"
07:32:40.153 [I/O dispatcher 1] DEBUG org.apache.http.wire - http-outgoing-0 >> "Connection: Keep-Alive[\r][\n]"
07:32:40.153 [I/O dispatcher 1] DEBUG org.apache.http.wire - http-outgoing-0 >> "User-Agent: elasticsearch-java/7.17.6-SNAPSHOT (Java/17)[\r][\n]"
07:32:40.153 [I/O dispatcher 1] DEBUG org.apache.http.wire - http-outgoing-0 >> "[\r][\n]"
07:32:40.153 [I/O dispatcher 1] DEBUG org.apache.http.impl.nio.client.InternalIODispatch - http-outgoing-0 [ACTIVE] Request ready
07:32:40.153 [I/O dispatcher 1] DEBUG org.apache.http.impl.nio.conn.ManagedNHttpClientConnectionImpl - http-outgoing-0 127.0.0.1:59956<->127.0.0.1:9200[ACTIVE][r:w]: Event cleared [w]
07:32:40.163 [I/O dispatcher 1] DEBUG org.apache.http.impl.nio.conn.ManagedNHttpClientConnectionImpl - http-outgoing-0 127.0.0.1:59956<->127.0.0.1:9200[ACTIVE][r:r]: 327 bytes read
07:32:40.163 [I/O dispatcher 1] DEBUG org.apache.http.wire - http-outgoing-0 << "HTTP/1.1 200 OK[\r][\n]"
07:32:40.163 [I/O dispatcher 1] DEBUG org.apache.http.wire - http-outgoing-0 << "content-type: application/json; charset=UTF-8[\r][\n]"
07:32:40.163 [I/O dispatcher 1] DEBUG org.apache.http.wire - http-outgoing-0 << "content-length: 240[\r][\n]"
07:32:40.163 [I/O dispatcher 1] DEBUG org.apache.http.wire - http-outgoing-0 << "[\r][\n]"
07:32:40.163 [I/O dispatcher 1] DEBUG org.apache.http.wire - http-outgoing-0 << "{"_index":"purchases","_type":"_doc","_id":"purchaseId","_version":1,"_seq_no":0,"_primary_term":1,"found":true,"_source":{"_class":"com.zilch.payments.domain.purchase.PurchaseView","purchaseId":"purchaseId","itemName":"Item","price":20.0}}"
07:32:40.163 [I/O dispatcher 1] DEBUG org.apache.http.headers - http-outgoing-0 << HTTP/1.1 200 OK
07:32:40.163 [I/O dispatcher 1] DEBUG org.apache.http.headers - http-outgoing-0 << content-type: application/json; charset=UTF-8
07:32:40.163 [I/O dispatcher 1] DEBUG org.apache.http.headers - http-outgoing-0 << content-length: 240
07:32:40.163 [I/O dispatcher 1] DEBUG org.apache.http.impl.nio.client.InternalIODispatch - http-outgoing-0 [ACTIVE(240)] Response received
07:32:40.163 [I/O dispatcher 1] DEBUG org.apache.http.impl.nio.client.MainClientExec - [exchange: 6] Response received HTTP/1.1 200 OK
07:32:40.163 [I/O dispatcher 1] DEBUG org.apache.http.impl.nio.client.InternalIODispatch - http-outgoing-0 [ACTIVE(240)] Input ready
07:32:40.163 [I/O dispatcher 1] DEBUG org.apache.http.impl.nio.client.MainClientExec - [exchange: 6] Consume content
07:32:40.163 [I/O dispatcher 1] DEBUG org.apache.http.impl.nio.client.InternalHttpAsyncClient - [exchange: 6] Connection can be kept alive indefinitely
07:32:40.163 [I/O dispatcher 1] DEBUG org.apache.http.impl.nio.client.MainClientExec - [exchange: 6] Response processed
07:32:40.163 [I/O dispatcher 1] DEBUG org.apache.http.impl.nio.client.InternalHttpAsyncClient - [exchange: 6] releasing connection
07:32:40.163 [I/O dispatcher 1] DEBUG org.apache.http.impl.nio.conn.ManagedNHttpClientConnectionImpl - http-outgoing-0 127.0.0.1:59956<->127.0.0.1:9200[ACTIVE][r:r]: Remove attribute http.nio.exchange-handler
07:32:40.163 [I/O dispatcher 1] DEBUG org.apache.http.impl.nio.conn.PoolingNHttpClientConnectionManager - Releasing connection: [id: http-outgoing-0][route: {}->http://localhost:9200][total kept alive: 0; route allocated: 1 of 10; total allocated: 1 of 30]
07:32:40.163 [I/O dispatcher 1] DEBUG org.apache.http.impl.nio.conn.PoolingNHttpClientConnectionManager - Connection [id: http-outgoing-0][route: {}->http://localhost:9200] can be kept alive indefinitely
07:32:40.163 [I/O dispatcher 1] DEBUG org.apache.http.impl.nio.conn.ManagedNHttpClientConnectionImpl - http-outgoing-0 127.0.0.1:59956<->127.0.0.1:9200[ACTIVE][r:r]: Set timeout 0
07:32:40.163 [I/O dispatcher 1] DEBUG org.apache.http.impl.nio.conn.PoolingNHttpClientConnectionManager - Connection released: [id: http-outgoing-0][route: {}->http://localhost:9200][total kept alive: 1; route allocated: 1 of 10; total allocated: 1 of 30]
07:32:40.163 [I/O dispatcher 1] DEBUG org.apache.http.impl.nio.client.InternalIODispatch - http-outgoing-0 [ACTIVE] [content length: 240; pos: 240; completed: true]
07:32:40.163 [main] DEBUG org.elasticsearch.client.RestClient - request [GET http://localhost:9200/purchases/_doc/purchaseId] returned [HTTP/1.1 200 OK]
07:32:40.185 [main] DEBUG org.springframework.test.context.cache.DefaultCacheAwareContextLoaderDelegate - Retrieved ApplicationContext [486662053] from cache with key [[MergedContextConfiguration@7bdf6bb7 testClass = ElasticsearchPurchaseRepositorySpec, locations = '{}', classes = '{class com.zilch.payments.application.config.elasticsearch.ElasticsearchConfig}', contextInitializerClasses = '[class com.zilch.payments.boundary.oubound.elastic.ElasticsearchTestContainerRunner$Initializer]', activeProfiles = '{}', propertySourceLocations = '{}', propertySourceProperties = '{}', contextCustomizers = set[org.springframework.boot.test.context.filter.ExcludeFilterContextCustomizer@5fbdfdcf, org.springframework.boot.test.json.DuplicateJsonObjectContextCustomizerFactory$DuplicateJsonObjectContextCustomizer@3bf9ce3e, org.springframework.boot.test.mock.mockito.MockitoContextCustomizer@0, org.springframework.boot.test.autoconfigure.actuate.metrics.MetricsExportContextCustomizerFactory$DisableMetricExportContextCustomizer@543588e6, org.springframework.boot.test.autoconfigure.properties.PropertyMappingContextCustomizer@0, org.springframework.boot.test.autoconfigure.web.servlet.WebDriverContextCustomizerFactory$Customizer@6e0f5f7f, org.spockframework.spring.mock.SpockContextCustomizer@0], contextLoader = 'org.springframework.test.context.support.DelegatingSmartContextLoader', parent = [null]]]
07:32:40.185 [main] DEBUG org.springframework.test.context.cache - Spring test ApplicationContext cache statistics: [DefaultContextCache@11c581a0 size = 1, maxSize = 32, parentContextCount = 0, hitCount = 6, missCount = 1]
07:32:40.185 [main] DEBUG org.springframework.test.context.cache.DefaultCacheAwareContextLoaderDelegate - Retrieved ApplicationContext [486662053] from cache with key [[MergedContextConfiguration@7bdf6bb7 testClass = ElasticsearchPurchaseRepositorySpec, locations = '{}', classes = '{class com.zilch.payments.application.config.elasticsearch.ElasticsearchConfig}', contextInitializerClasses = '[class com.zilch.payments.boundary.oubound.elastic.ElasticsearchTestContainerRunner$Initializer]', activeProfiles = '{}', propertySourceLocations = '{}', propertySourceProperties = '{}', contextCustomizers = set[org.springframework.boot.test.context.filter.ExcludeFilterContextCustomizer@5fbdfdcf, org.springframework.boot.test.json.DuplicateJsonObjectContextCustomizerFactory$DuplicateJsonObjectContextCustomizer@3bf9ce3e, org.springframework.boot.test.mock.mockito.MockitoContextCustomizer@0, org.springframework.boot.test.autoconfigure.actuate.metrics.MetricsExportContextCustomizerFactory$DisableMetricExportContextCustomizer@543588e6, org.springframework.boot.test.autoconfigure.properties.PropertyMappingContextCustomizer@0, org.springframework.boot.test.autoconfigure.web.servlet.WebDriverContextCustomizerFactory$Customizer@6e0f5f7f, org.spockframework.spring.mock.SpockContextCustomizer@0], contextLoader = 'org.springframework.test.context.support.DelegatingSmartContextLoader', parent = [null]]]
07:32:40.185 [main] DEBUG org.springframework.test.context.cache - Spring test ApplicationContext cache statistics: [DefaultContextCache@11c581a0 size = 1, maxSize = 32, parentContextCount = 0, hitCount = 7, missCount = 1]
07:32:40.187 [main] DEBUG org.springframework.test.context.cache.DefaultCacheAwareContextLoaderDelegate - Retrieved ApplicationContext [486662053] from cache with key [[MergedContextConfiguration@7bdf6bb7 testClass = ElasticsearchPurchaseRepositorySpec, locations = '{}', classes = '{class com.zilch.payments.application.config.elasticsearch.ElasticsearchConfig}', contextInitializerClasses = '[class com.zilch.payments.boundary.oubound.elastic.ElasticsearchTestContainerRunner$Initializer]', activeProfiles = '{}', propertySourceLocations = '{}', propertySourceProperties = '{}', contextCustomizers = set[org.springframework.boot.test.context.filter.ExcludeFilterContextCustomizer@5fbdfdcf, org.springframework.boot.test.json.DuplicateJsonObjectContextCustomizerFactory$DuplicateJsonObjectContextCustomizer@3bf9ce3e, org.springframework.boot.test.mock.mockito.MockitoContextCustomizer@0, org.springframework.boot.test.autoconfigure.actuate.metrics.MetricsExportContextCustomizerFactory$DisableMetricExportContextCustomizer@543588e6, org.springframework.boot.test.autoconfigure.properties.PropertyMappingContextCustomizer@0, org.springframework.boot.test.autoconfigure.web.servlet.WebDriverContextCustomizerFactory$Customizer@6e0f5f7f, org.spockframework.spring.mock.SpockContextCustomizer@0], contextLoader = 'org.springframework.test.context.support.DelegatingSmartContextLoader', parent = [null]]]
07:32:40.187 [main] DEBUG org.springframework.test.context.cache - Spring test ApplicationContext cache statistics: [DefaultContextCache@11c581a0 size = 1, maxSize = 32, parentContextCount = 0, hitCount = 8, missCount = 1]
07:32:40.187 [main] DEBUG org.springframework.test.context.cache.DefaultCacheAwareContextLoaderDelegate - Retrieved ApplicationContext [486662053] from cache with key [[MergedContextConfiguration@7bdf6bb7 testClass = ElasticsearchPurchaseRepositorySpec, locations = '{}', classes = '{class com.zilch.payments.application.config.elasticsearch.ElasticsearchConfig}', contextInitializerClasses = '[class com.zilch.payments.boundary.oubound.elastic.ElasticsearchTestContainerRunner$Initializer]', activeProfiles = '{}', propertySourceLocations = '{}', propertySourceProperties = '{}', contextCustomizers = set[org.springframework.boot.test.context.filter.ExcludeFilterContextCustomizer@5fbdfdcf, org.springframework.boot.test.json.DuplicateJsonObjectContextCustomizerFactory$DuplicateJsonObjectContextCustomizer@3bf9ce3e, org.springframework.boot.test.mock.mockito.MockitoContextCustomizer@0, org.springframework.boot.test.autoconfigure.actuate.metrics.MetricsExportContextCustomizerFactory$DisableMetricExportContextCustomizer@543588e6, org.springframework.boot.test.autoconfigure.properties.PropertyMappingContextCustomizer@0, org.springframework.boot.test.autoconfigure.web.servlet.WebDriverContextCustomizerFactory$Customizer@6e0f5f7f, org.spockframework.spring.mock.SpockContextCustomizer@0], contextLoader = 'org.springframework.test.context.support.DelegatingSmartContextLoader', parent = [null]]]
07:32:40.187 [main] DEBUG org.springframework.test.context.cache - Spring test ApplicationContext cache statistics: [DefaultContextCache@11c581a0 size = 1, maxSize = 32, parentContextCount = 0, hitCount = 9, missCount = 1]
07:32:40.188 [main] DEBUG org.springframework.test.context.cache.DefaultCacheAwareContextLoaderDelegate - Retrieved ApplicationContext [486662053] from cache with key [[MergedContextConfiguration@7bdf6bb7 testClass = ElasticsearchPurchaseRepositorySpec, locations = '{}', classes = '{class com.zilch.payments.application.config.elasticsearch.ElasticsearchConfig}', contextInitializerClasses = '[class com.zilch.payments.boundary.oubound.elastic.ElasticsearchTestContainerRunner$Initializer]', activeProfiles = '{}', propertySourceLocations = '{}', propertySourceProperties = '{}', contextCustomizers = set[org.springframework.boot.test.context.filter.ExcludeFilterContextCustomizer@5fbdfdcf, org.springframework.boot.test.json.DuplicateJsonObjectContextCustomizerFactory$DuplicateJsonObjectContextCustomizer@3bf9ce3e, org.springframework.boot.test.mock.mockito.MockitoContextCustomizer@0, org.springframework.boot.test.autoconfigure.actuate.metrics.MetricsExportContextCustomizerFactory$DisableMetricExportContextCustomizer@543588e6, org.springframework.boot.test.autoconfigure.properties.PropertyMappingContextCustomizer@0, org.springframework.boot.test.autoconfigure.web.servlet.WebDriverContextCustomizerFactory$Customizer@6e0f5f7f, org.spockframework.spring.mock.SpockContextCustomizer@0], contextLoader = 'org.springframework.test.context.support.DelegatingSmartContextLoader', parent = [null]]]
07:32:40.188 [main] DEBUG org.springframework.test.context.cache - Spring test ApplicationContext cache statistics: [DefaultContextCache@11c581a0 size = 1, maxSize = 32, parentContextCount = 0, hitCount = 10, missCount = 1]
07:32:40.188 [main] DEBUG org.springframework.test.context.support.AbstractDirtiesContextTestExecutionListener - After test method: context [DefaultTestContext@62c5bbdc testClass = ElasticsearchPurchaseRepositorySpec, testInstance = com.zilch.payments.boundary.oubound.elastic.purchase.ElasticsearchPurchaseRepositorySpec@faa3fed, testMethod = $spock_feature_1_0@ElasticsearchPurchaseRepositorySpec, testException = [null], mergedContextConfiguration = [MergedContextConfiguration@7bdf6bb7 testClass = ElasticsearchPurchaseRepositorySpec, locations = '{}', classes = '{class com.zilch.payments.application.config.elasticsearch.ElasticsearchConfig}', contextInitializerClasses = '[class com.zilch.payments.boundary.oubound.elastic.ElasticsearchTestContainerRunner$Initializer]', activeProfiles = '{}', propertySourceLocations = '{}', propertySourceProperties = '{}', contextCustomizers = set[org.springframework.boot.test.context.filter.ExcludeFilterContextCustomizer@5fbdfdcf, org.springframework.boot.test.json.DuplicateJsonObjectContextCustomizerFactory$DuplicateJsonObjectContextCustomizer@3bf9ce3e, org.springframework.boot.test.mock.mockito.MockitoContextCustomizer@0, org.springframework.boot.test.autoconfigure.actuate.metrics.MetricsExportContextCustomizerFactory$DisableMetricExportContextCustomizer@543588e6, org.springframework.boot.test.autoconfigure.properties.PropertyMappingContextCustomizer@0, org.springframework.boot.test.autoconfigure.web.servlet.WebDriverContextCustomizerFactory$Customizer@6e0f5f7f, org.spockframework.spring.mock.SpockContextCustomizer@0], contextLoader = 'org.springframework.test.context.support.DelegatingSmartContextLoader', parent = [null]], attributes = map['org.spockframework.spring.SpringMockTestExecutionListener.MOCKED_BEANS_LIST' -> list[[empty]], 'org.springframework.test.context.event.ApplicationEventsTestExecutionListener.recordApplicationEvents' -> false]], class annotated with @DirtiesContext [false] with mode [null], method annotated with @DirtiesContext [false] with mode [null].
]]></system-out>
  </testcase>
</testsuite>